0 info it worked if it ends with ok
1 verbose cli [ '/usr/local/bin/node',
1 verbose cli   '/usr/local/bin/npm',
1 verbose cli   'install',
1 verbose cli   '--save-dev',
1 verbose cli   'openzwave-shared' ]
2 info using npm@3.8.3
3 info using node@v5.4.1
4 silly loadCurrentTree Starting
5 silly install loadCurrentTree
6 silly install readLocalPackageData
7 silly fetchPackageMetaData openzwave-shared
8 silly fetchNamedPackageData openzwave-shared
9 silly mapToRegistry name openzwave-shared
10 silly mapToRegistry using default registry
11 silly mapToRegistry registry https://registry.npmjs.org/
12 silly mapToRegistry data Result {
12 silly mapToRegistry   raw: 'openzwave-shared',
12 silly mapToRegistry   scope: null,
12 silly mapToRegistry   name: 'openzwave-shared',
12 silly mapToRegistry   rawSpec: '',
12 silly mapToRegistry   spec: 'latest',
12 silly mapToRegistry   type: 'tag' }
13 silly mapToRegistry uri https://registry.npmjs.org/openzwave-shared
14 verbose request uri https://registry.npmjs.org/openzwave-shared
15 verbose request no auth needed
16 info attempt registry request try #1 at 2:41:57 PM
17 verbose request using bearer token for auth
18 verbose request id cf4b812634c699f0
19 http request GET https://registry.npmjs.org/openzwave-shared
20 http 200 https://registry.npmjs.org/openzwave-shared
21 verbose headers { server: 'CouchDB/1.5.0 (Erlang OTP/R16B03)',
21 verbose headers   etag: '"7QWU78918SQMHDFQZQGZJHVI3"',
21 verbose headers   'content-type': 'application/json',
21 verbose headers   'content-encoding': 'gzip',
21 verbose headers   'cache-control': 'max-age=300',
21 verbose headers   'transfer-encoding': 'chunked',
21 verbose headers   'accept-ranges': 'bytes',
21 verbose headers   date: 'Wed, 22 Jun 2016 12:41:57 GMT',
21 verbose headers   via: '1.1 varnish',
21 verbose headers   connection: 'keep-alive',
21 verbose headers   'x-served-by': 'cache-fra1232-FRA',
21 verbose headers   'x-cache': 'MISS',
21 verbose headers   'x-cache-hits': '0',
21 verbose headers   'x-timer': 'S1466599317.698644,VS0,VE119',
21 verbose headers   vary: 'Accept-Encoding' }
22 silly get cb [ 200,
22 silly get   { server: 'CouchDB/1.5.0 (Erlang OTP/R16B03)',
22 silly get     etag: '"7QWU78918SQMHDFQZQGZJHVI3"',
22 silly get     'content-type': 'application/json',
22 silly get     'content-encoding': 'gzip',
22 silly get     'cache-control': 'max-age=300',
22 silly get     'transfer-encoding': 'chunked',
22 silly get     'accept-ranges': 'bytes',
22 silly get     date: 'Wed, 22 Jun 2016 12:41:57 GMT',
22 silly get     via: '1.1 varnish',
22 silly get     connection: 'keep-alive',
22 silly get     'x-served-by': 'cache-fra1232-FRA',
22 silly get     'x-cache': 'MISS',
22 silly get     'x-cache-hits': '0',
22 silly get     'x-timer': 'S1466599317.698644,VS0,VE119',
22 silly get     vary: 'Accept-Encoding' } ]
23 verbose get saving openzwave-shared to /Users/tormorten/.npm/registry.npmjs.org/openzwave-shared/.cache.json
24 verbose correctMkdir /Users/tormorten/.npm correctMkdir not in flight; initializing
25 silly install normalizeTree
26 silly loadCurrentTree Finishing
27 silly loadIdealTree Starting
28 silly install loadIdealTree
29 silly cloneCurrentTree Starting
30 silly install cloneCurrentTreeToIdealTree
31 silly cloneCurrentTree Finishing
32 silly loadShrinkwrap Starting
33 silly install loadShrinkwrap
34 silly loadShrinkwrap Finishing
35 silly loadAllDepsIntoIdealTree Starting
36 silly install loadAllDepsIntoIdealTree
37 silly resolveWithNewModule openzwave-shared@1.2.0 checking installable status
38 silly cache add args [ 'openzwave-shared', null ]
39 verbose cache add spec openzwave-shared
40 silly cache add parsed spec Result {
40 silly cache add   raw: 'openzwave-shared',
40 silly cache add   scope: null,
40 silly cache add   name: 'openzwave-shared',
40 silly cache add   rawSpec: '',
40 silly cache add   spec: 'latest',
40 silly cache add   type: 'tag' }
41 silly addNamed openzwave-shared@latest
42 verbose addNamed "latest" is being treated as a dist-tag for openzwave-shared
43 info addNameTag [ 'openzwave-shared', 'latest' ]
44 silly mapToRegistry name openzwave-shared
45 silly mapToRegistry using default registry
46 silly mapToRegistry registry https://registry.npmjs.org/
47 silly mapToRegistry data Result {
47 silly mapToRegistry   raw: 'openzwave-shared',
47 silly mapToRegistry   scope: null,
47 silly mapToRegistry   name: 'openzwave-shared',
47 silly mapToRegistry   rawSpec: '',
47 silly mapToRegistry   spec: 'latest',
47 silly mapToRegistry   type: 'tag' }
48 silly mapToRegistry uri https://registry.npmjs.org/openzwave-shared
49 verbose addNameTag registry:https://registry.npmjs.org/openzwave-shared not in flight; fetching
50 verbose get https://registry.npmjs.org/openzwave-shared not expired, no request
51 silly addNameTag next cb for openzwave-shared with tag latest
52 silly addNamed openzwave-shared@1.2.0
53 verbose addNamed "1.2.0" is a plain semver version for openzwave-shared
54 silly mapToRegistry name openzwave-shared
55 silly mapToRegistry using default registry
56 silly mapToRegistry registry https://registry.npmjs.org/
57 silly mapToRegistry data Result {
57 silly mapToRegistry   raw: 'openzwave-shared',
57 silly mapToRegistry   scope: null,
57 silly mapToRegistry   name: 'openzwave-shared',
57 silly mapToRegistry   rawSpec: '',
57 silly mapToRegistry   spec: 'latest',
57 silly mapToRegistry   type: 'tag' }
58 silly mapToRegistry uri https://registry.npmjs.org/openzwave-shared
59 verbose addRemoteTarball https://registry.npmjs.org/openzwave-shared/-/openzwave-shared-1.2.0.tgz not in flight; adding
60 verbose addRemoteTarball [ 'https://registry.npmjs.org/openzwave-shared/-/openzwave-shared-1.2.0.tgz',
60 verbose addRemoteTarball   '7a1cefdb334de89319a3f2c767ab9ba1c2ace8e2' ]
61 info retry fetch attempt 1 at 2:41:58 PM
62 info attempt registry request try #1 at 2:41:58 PM
63 http fetch GET https://registry.npmjs.org/openzwave-shared/-/openzwave-shared-1.2.0.tgz
64 verbose request using bearer token for auth
65 http fetch 200 https://registry.npmjs.org/openzwave-shared/-/openzwave-shared-1.2.0.tgz
66 silly fetchAndShaCheck shasum 7a1cefdb334de89319a3f2c767ab9ba1c2ace8e2
67 verbose addTmpTarball /var/folders/vg/m2_zw1sd0yv3bkcgm83z7s9w0000gn/T/npm-15455-f4686f8a/registry.npmjs.org/openzwave-shared/-/openzwave-shared-1.2.0.tgz not in flight; adding
68 verbose addTmpTarball already have metadata; skipping unpack for openzwave-shared@1.2.0
69 verbose correctMkdir /Users/tormorten/.npm correctMkdir not in flight; initializing
70 silly cache afterAdd openzwave-shared@1.2.0
71 verbose afterAdd /Users/tormorten/.npm/openzwave-shared/1.2.0/package/package.json not in flight; writing
72 verbose correctMkdir /Users/tormorten/.npm correctMkdir not in flight; initializing
73 verbose afterAdd /Users/tormorten/.npm/openzwave-shared/1.2.0/package/package.json written
74 silly loadAllDepsIntoIdealTree Finishing
75 silly idealTree:prePrune heim@0.0.1
75 silly idealTree:prePrune ├── accepts@1.3.3
75 silly idealTree:prePrune ├── after@0.8.1
75 silly idealTree:prePrune ├── amdefine@1.0.0
75 silly idealTree:prePrune ├── ansi-regex@2.0.0
75 silly idealTree:prePrune ├── ansi-styles@2.2.1
75 silly idealTree:prePrune ├── anymatch@1.3.0
75 silly idealTree:prePrune ├── arr-diff@2.0.0
75 silly idealTree:prePrune ├── arr-flatten@1.0.1
75 silly idealTree:prePrune ├── array-find-index@1.0.1
75 silly idealTree:prePrune ├── array-flatten@1.1.1
75 silly idealTree:prePrune ├── array-uniq@1.0.3
75 silly idealTree:prePrune ├── array-unique@0.2.1
75 silly idealTree:prePrune ├── arraybuffer.slice@0.0.6
75 silly idealTree:prePrune ├── arrify@1.0.1
75 silly idealTree:prePrune ├── asn1@0.2.3
75 silly idealTree:prePrune ├── assert-plus@0.2.0
75 silly idealTree:prePrune ├── async-each@1.0.0
75 silly idealTree:prePrune ├── async@1.5.2
75 silly idealTree:prePrune ├── aws-sign2@0.6.0
75 silly idealTree:prePrune ├── aws4@1.4.1
75 silly idealTree:prePrune ├── babel-cli@6.10.1
75 silly idealTree:prePrune ├── babel-code-frame@6.8.0
75 silly idealTree:prePrune ├── babel-core@6.9.1
75 silly idealTree:prePrune ├── babel-generator@6.10.2
75 silly idealTree:prePrune ├── babel-helper-call-delegate@6.8.0
75 silly idealTree:prePrune ├── babel-helper-define-map@6.9.0
75 silly idealTree:prePrune ├── babel-helper-function-name@6.8.0
75 silly idealTree:prePrune ├── babel-helper-get-function-arity@6.8.0
75 silly idealTree:prePrune ├── babel-helper-hoist-variables@6.8.0
75 silly idealTree:prePrune ├── babel-helper-optimise-call-expression@6.8.0
75 silly idealTree:prePrune ├── babel-helper-regex@6.9.0
75 silly idealTree:prePrune ├── babel-helper-replace-supers@6.8.0
75 silly idealTree:prePrune ├── babel-helpers@6.8.0
75 silly idealTree:prePrune ├── babel-messages@6.8.0
75 silly idealTree:prePrune ├── babel-plugin-check-es2015-constants@6.8.0
75 silly idealTree:prePrune ├── babel-plugin-syntax-async-functions@6.8.0
75 silly idealTree:prePrune ├── babel-plugin-transform-es2015-arrow-functions@6.8.0
75 silly idealTree:prePrune ├── babel-plugin-transform-es2015-block-scoped-functions@6.8.0
75 silly idealTree:prePrune ├── babel-plugin-transform-es2015-block-scoping@6.10.1
75 silly idealTree:prePrune ├── babel-plugin-transform-es2015-classes@6.9.0
75 silly idealTree:prePrune ├── babel-plugin-transform-es2015-computed-properties@6.8.0
75 silly idealTree:prePrune ├── babel-plugin-transform-es2015-destructuring@6.9.0
75 silly idealTree:prePrune ├── babel-plugin-transform-es2015-duplicate-keys@6.8.0
75 silly idealTree:prePrune ├── babel-plugin-transform-es2015-for-of@6.8.0
75 silly idealTree:prePrune ├── babel-plugin-transform-es2015-function-name@6.9.0
75 silly idealTree:prePrune ├── babel-plugin-transform-es2015-literals@6.8.0
75 silly idealTree:prePrune ├── babel-plugin-transform-es2015-modules-commonjs@6.10.3
75 silly idealTree:prePrune ├── babel-plugin-transform-es2015-object-super@6.8.0
75 silly idealTree:prePrune ├── babel-plugin-transform-es2015-parameters@6.9.0
75 silly idealTree:prePrune ├── babel-plugin-transform-es2015-shorthand-properties@6.8.0
75 silly idealTree:prePrune ├── babel-plugin-transform-es2015-spread@6.8.0
75 silly idealTree:prePrune ├── babel-plugin-transform-es2015-sticky-regex@6.8.0
75 silly idealTree:prePrune ├── babel-plugin-transform-es2015-template-literals@6.8.0
75 silly idealTree:prePrune ├── babel-plugin-transform-es2015-typeof-symbol@6.8.0
75 silly idealTree:prePrune ├── babel-plugin-transform-es2015-unicode-regex@6.8.0
75 silly idealTree:prePrune ├── babel-plugin-transform-regenerator@6.9.0
75 silly idealTree:prePrune ├── babel-plugin-transform-strict-mode@6.8.0
75 silly idealTree:prePrune ├── babel-polyfill@6.9.1
75 silly idealTree:prePrune ├── babel-preset-es2015@6.9.0
75 silly idealTree:prePrune ├── babel-register@6.9.0
75 silly idealTree:prePrune ├── babel-runtime@6.9.2
75 silly idealTree:prePrune ├── babel-template@6.9.0
75 silly idealTree:prePrune ├── babel-traverse@6.9.0
75 silly idealTree:prePrune ├── babel-types@6.10.2
75 silly idealTree:prePrune ├── babylon@6.8.1
75 silly idealTree:prePrune ├── backo2@1.0.2
75 silly idealTree:prePrune ├── balanced-match@0.4.1
75 silly idealTree:prePrune ├── base64-arraybuffer@0.1.2
75 silly idealTree:prePrune ├── base64id@0.1.0
75 silly idealTree:prePrune ├── benchmark@1.0.0
75 silly idealTree:prePrune ├── better-assert@1.0.2
75 silly idealTree:prePrune ├── bin-version-check@2.1.0
75 silly idealTree:prePrune ├── bin-version@1.0.4
75 silly idealTree:prePrune ├── binary-extensions@1.4.1
75 silly idealTree:prePrune ├─┬ bl@1.1.2
75 silly idealTree:prePrune │ └── readable-stream@2.0.6
75 silly idealTree:prePrune ├── blob@0.0.4
75 silly idealTree:prePrune ├── boom@2.10.1
75 silly idealTree:prePrune ├── brace-expansion@1.1.5
75 silly idealTree:prePrune ├── braces@1.8.5
75 silly idealTree:prePrune ├── buffer-shims@1.0.0
75 silly idealTree:prePrune ├── builtin-modules@1.1.1
75 silly idealTree:prePrune ├── callsite@1.0.0
75 silly idealTree:prePrune ├── camelcase-keys@2.1.0
75 silly idealTree:prePrune ├── camelcase@2.1.1
75 silly idealTree:prePrune ├── caseless@0.11.0
75 silly idealTree:prePrune ├── chalk@1.1.1
75 silly idealTree:prePrune ├── chokidar@1.5.2
75 silly idealTree:prePrune ├── colors@1.1.2
75 silly idealTree:prePrune ├── combined-stream@1.0.5
75 silly idealTree:prePrune ├── commander@2.9.0
75 silly idealTree:prePrune ├── component-bind@1.0.0
75 silly idealTree:prePrune ├── component-emitter@1.1.2
75 silly idealTree:prePrune ├── component-inherit@0.0.3
75 silly idealTree:prePrune ├── concat-map@0.0.1
75 silly idealTree:prePrune ├── content-disposition@0.5.1
75 silly idealTree:prePrune ├── content-type@1.0.2
75 silly idealTree:prePrune ├── convert-source-map@1.2.0
75 silly idealTree:prePrune ├── cookie-signature@1.0.6
75 silly idealTree:prePrune ├── cookie@0.3.1
75 silly idealTree:prePrune ├── core-js@2.4.0
75 silly idealTree:prePrune ├── core-util-is@1.0.2
75 silly idealTree:prePrune ├── cryptiles@2.0.5
75 silly idealTree:prePrune ├── currently-unhandled@0.4.1
75 silly idealTree:prePrune ├─┬ dashdash@1.14.0
75 silly idealTree:prePrune │ └── assert-plus@1.0.0
75 silly idealTree:prePrune ├── debug@2.2.0
75 silly idealTree:prePrune ├── decamelize@1.2.0
75 silly idealTree:prePrune ├── delayed-stream@1.0.0
75 silly idealTree:prePrune ├── depd@1.1.0
75 silly idealTree:prePrune ├── destroy@1.0.4
75 silly idealTree:prePrune ├── detect-indent@3.0.1
75 silly idealTree:prePrune ├── ecc-jsbn@0.1.1
75 silly idealTree:prePrune ├── ee-first@1.1.1
75 silly idealTree:prePrune ├── encodeurl@1.0.1
75 silly idealTree:prePrune ├── engine.io-client@1.6.9
75 silly idealTree:prePrune ├─┬ engine.io-parser@1.2.4
75 silly idealTree:prePrune │ ├── has-binary@0.1.6
75 silly idealTree:prePrune │ └── isarray@0.0.1
75 silly idealTree:prePrune ├─┬ engine.io@1.6.9
75 silly idealTree:prePrune │ ├── accepts@1.1.4
75 silly idealTree:prePrune │ ├── mime-db@1.12.0
75 silly idealTree:prePrune │ ├── mime-types@2.0.14
75 silly idealTree:prePrune │ └── negotiator@0.4.9
75 silly idealTree:prePrune ├── error-ex@1.3.0
75 silly idealTree:prePrune ├── escape-html@1.0.3
75 silly idealTree:prePrune ├── escape-string-regexp@1.0.5
75 silly idealTree:prePrune ├── esutils@2.0.2
75 silly idealTree:prePrune ├── etag@1.7.0
75 silly idealTree:prePrune ├── expand-brackets@0.1.5
75 silly idealTree:prePrune ├── expand-range@1.8.2
75 silly idealTree:prePrune ├─┬ express@4.14.0
75 silly idealTree:prePrune │ └── qs@6.2.0
75 silly idealTree:prePrune ├── extend@3.0.0
75 silly idealTree:prePrune ├── extglob@0.3.2
75 silly idealTree:prePrune ├── extsprintf@1.0.2
75 silly idealTree:prePrune ├── filename-regex@2.0.0
75 silly idealTree:prePrune ├── fill-range@2.2.3
75 silly idealTree:prePrune ├── finalhandler@0.5.0
75 silly idealTree:prePrune ├─┬ find-up@1.1.2
75 silly idealTree:prePrune │ └── path-exists@2.1.0
75 silly idealTree:prePrune ├── find-versions@1.2.1
75 silly idealTree:prePrune ├── for-in@0.1.5
75 silly idealTree:prePrune ├── for-own@0.1.4
75 silly idealTree:prePrune ├── forever-agent@0.6.1
75 silly idealTree:prePrune ├── form-data@1.0.0-rc4
75 silly idealTree:prePrune ├── forwarded@0.1.0
75 silly idealTree:prePrune ├── fresh@0.3.0
75 silly idealTree:prePrune ├── fs-readdir-recursive@0.1.2
75 silly idealTree:prePrune ├─┬ fsevents@1.0.12
75 silly idealTree:prePrune │ ├── ansi-regex@2.0.0
75 silly idealTree:prePrune │ ├── ansi-styles@2.2.1
75 silly idealTree:prePrune │ ├── ansi@0.3.1
75 silly idealTree:prePrune │ ├── are-we-there-yet@1.1.2
75 silly idealTree:prePrune │ ├── asn1@0.2.3
75 silly idealTree:prePrune │ ├── assert-plus@0.2.0
75 silly idealTree:prePrune │ ├── async@1.5.2
75 silly idealTree:prePrune │ ├── aws-sign2@0.6.0
75 silly idealTree:prePrune │ ├─┬ aws4@1.3.2
75 silly idealTree:prePrune │ │ └─┬ lru-cache@4.0.1
75 silly idealTree:prePrune │ │   ├── pseudomap@1.0.2
75 silly idealTree:prePrune │ │   └── yallist@2.0.0
75 silly idealTree:prePrune │ ├── bl@1.0.3
75 silly idealTree:prePrune │ ├── block-stream@0.0.8
75 silly idealTree:prePrune │ ├── boom@2.10.1
75 silly idealTree:prePrune │ ├── caseless@0.11.0
75 silly idealTree:prePrune │ ├── chalk@1.1.3
75 silly idealTree:prePrune │ ├── combined-stream@1.0.5
75 silly idealTree:prePrune │ ├── commander@2.9.0
75 silly idealTree:prePrune │ ├── core-util-is@1.0.2
75 silly idealTree:prePrune │ ├── cryptiles@2.0.5
75 silly idealTree:prePrune │ ├─┬ dashdash@1.13.0
75 silly idealTree:prePrune │ │ └── assert-plus@1.0.0
75 silly idealTree:prePrune │ ├── debug@2.2.0
75 silly idealTree:prePrune │ ├── deep-extend@0.4.1
75 silly idealTree:prePrune │ ├── delayed-stream@1.0.0
75 silly idealTree:prePrune │ ├── delegates@1.0.0
75 silly idealTree:prePrune │ ├── ecc-jsbn@0.1.1
75 silly idealTree:prePrune │ ├── escape-string-regexp@1.0.5
75 silly idealTree:prePrune │ ├── extend@3.0.0
75 silly idealTree:prePrune │ ├── extsprintf@1.0.2
75 silly idealTree:prePrune │ ├── forever-agent@0.6.1
75 silly idealTree:prePrune │ ├── form-data@1.0.0-rc4
75 silly idealTree:prePrune │ ├─┬ fstream-ignore@1.0.3
75 silly idealTree:prePrune │ │ └─┬ minimatch@3.0.0
75 silly idealTree:prePrune │ │   └─┬ brace-expansion@1.1.3
75 silly idealTree:prePrune │ │     ├── balanced-match@0.3.0
75 silly idealTree:prePrune │ │     └── concat-map@0.0.1
75 silly idealTree:prePrune │ ├── fstream@1.0.8
75 silly idealTree:prePrune │ ├── gauge@1.2.7
75 silly idealTree:prePrune │ ├── generate-function@2.0.0
75 silly idealTree:prePrune │ ├── generate-object-property@1.2.0
75 silly idealTree:prePrune │ ├── graceful-fs@4.1.3
75 silly idealTree:prePrune │ ├── graceful-readlink@1.0.1
75 silly idealTree:prePrune │ ├── har-validator@2.0.6
75 silly idealTree:prePrune │ ├── has-ansi@2.0.0
75 silly idealTree:prePrune │ ├── has-unicode@2.0.0
75 silly idealTree:prePrune │ ├── hawk@3.1.3
75 silly idealTree:prePrune │ ├── hoek@2.16.3
75 silly idealTree:prePrune │ ├── http-signature@1.1.1
75 silly idealTree:prePrune │ ├── inherits@2.0.1
75 silly idealTree:prePrune │ ├── ini@1.3.4
75 silly idealTree:prePrune │ ├── is-my-json-valid@2.13.1
75 silly idealTree:prePrune │ ├── is-property@1.0.2
75 silly idealTree:prePrune │ ├── is-typedarray@1.0.0
75 silly idealTree:prePrune │ ├── isarray@1.0.0
75 silly idealTree:prePrune │ ├── isstream@0.1.2
75 silly idealTree:prePrune │ ├── jodid25519@1.0.2
75 silly idealTree:prePrune │ ├── jsbn@0.1.0
75 silly idealTree:prePrune │ ├── json-schema@0.2.2
75 silly idealTree:prePrune │ ├── json-stringify-safe@5.0.1
75 silly idealTree:prePrune │ ├── jsonpointer@2.0.0
75 silly idealTree:prePrune │ ├── jsprim@1.2.2
75 silly idealTree:prePrune │ ├── lodash.pad@4.1.0
75 silly idealTree:prePrune │ ├── lodash.padend@4.2.0
75 silly idealTree:prePrune │ ├── lodash.padstart@4.2.0
75 silly idealTree:prePrune │ ├── lodash.repeat@4.0.0
75 silly idealTree:prePrune │ ├── lodash.tostring@4.1.2
75 silly idealTree:prePrune │ ├── mime-db@1.22.0
75 silly idealTree:prePrune │ ├── mime-types@2.1.10
75 silly idealTree:prePrune │ ├── minimist@0.0.8
75 silly idealTree:prePrune │ ├── mkdirp@0.5.1
75 silly idealTree:prePrune │ ├── ms@0.7.1
75 silly idealTree:prePrune │ ├─┬ node-pre-gyp@0.6.25
75 silly idealTree:prePrune │ │ └─┬ nopt@3.0.6
75 silly idealTree:prePrune │ │   └── abbrev@1.0.7
75 silly idealTree:prePrune │ ├── node-uuid@1.4.7
75 silly idealTree:prePrune │ ├── npmlog@2.0.3
75 silly idealTree:prePrune │ ├── oauth-sign@0.8.1
75 silly idealTree:prePrune │ ├── once@1.3.3
75 silly idealTree:prePrune │ ├── pinkie-promise@2.0.0
75 silly idealTree:prePrune │ ├── pinkie@2.0.4
75 silly idealTree:prePrune │ ├── process-nextick-args@1.0.6
75 silly idealTree:prePrune │ ├── qs@6.0.2
75 silly idealTree:prePrune │ ├─┬ rc@1.1.6
75 silly idealTree:prePrune │ │ └── minimist@1.2.0
75 silly idealTree:prePrune │ ├── readable-stream@2.0.6
75 silly idealTree:prePrune │ ├── request@2.69.0
75 silly idealTree:prePrune │ ├─┬ rimraf@2.5.2
75 silly idealTree:prePrune │ │ └─┬ glob@7.0.3
75 silly idealTree:prePrune │ │   ├─┬ inflight@1.0.4
75 silly idealTree:prePrune │ │   │ └── wrappy@1.0.1
75 silly idealTree:prePrune │ │   ├── inherits@2.0.1
75 silly idealTree:prePrune │ │   ├─┬ minimatch@3.0.0
75 silly idealTree:prePrune │ │   │ └─┬ brace-expansion@1.1.3
75 silly idealTree:prePrune │ │   │   ├── balanced-match@0.3.0
75 silly idealTree:prePrune │ │   │   └── concat-map@0.0.1
75 silly idealTree:prePrune │ │   ├─┬ once@1.3.3
75 silly idealTree:prePrune │ │   │ └── wrappy@1.0.1
75 silly idealTree:prePrune │ │   └── path-is-absolute@1.0.0
75 silly idealTree:prePrune │ ├── semver@5.1.0
75 silly idealTree:prePrune │ ├── sntp@1.0.9
75 silly idealTree:prePrune │ ├── sshpk@1.7.4
75 silly idealTree:prePrune │ ├── string_decoder@0.10.31
75 silly idealTree:prePrune │ ├── stringstream@0.0.5
75 silly idealTree:prePrune │ ├── strip-ansi@3.0.1
75 silly idealTree:prePrune │ ├── strip-json-comments@1.0.4
75 silly idealTree:prePrune │ ├── supports-color@2.0.0
75 silly idealTree:prePrune │ ├── tar-pack@3.1.3
75 silly idealTree:prePrune │ ├── tar@2.2.1
75 silly idealTree:prePrune │ ├── tough-cookie@2.2.2
75 silly idealTree:prePrune │ ├── tunnel-agent@0.4.2
75 silly idealTree:prePrune │ ├── tweetnacl@0.14.3
75 silly idealTree:prePrune │ ├── uid-number@0.0.6
75 silly idealTree:prePrune │ ├── util-deprecate@1.0.2
75 silly idealTree:prePrune │ ├── verror@1.3.6
75 silly idealTree:prePrune │ ├── wrappy@1.0.1
75 silly idealTree:prePrune │ └── xtend@4.0.1
75 silly idealTree:prePrune ├── generate-function@2.0.0
75 silly idealTree:prePrune ├── generate-object-property@1.2.0
75 silly idealTree:prePrune ├── get-stdin@4.0.1
75 silly idealTree:prePrune ├─┬ getpass@0.1.6
75 silly idealTree:prePrune │ └── assert-plus@1.0.0
75 silly idealTree:prePrune ├── glob-base@0.3.0
75 silly idealTree:prePrune ├── glob-parent@2.0.0
75 silly idealTree:prePrune ├── glob@5.0.15
75 silly idealTree:prePrune ├── globals@8.18.0
75 silly idealTree:prePrune ├── graceful-fs@4.1.4
75 silly idealTree:prePrune ├── graceful-readlink@1.0.1
75 silly idealTree:prePrune ├── har-validator@2.0.6
75 silly idealTree:prePrune ├── has-ansi@2.0.0
75 silly idealTree:prePrune ├─┬ has-binary@0.1.7
75 silly idealTree:prePrune │ └── isarray@0.0.1
75 silly idealTree:prePrune ├── has-cors@1.1.0
75 silly idealTree:prePrune ├── hawk@3.1.3
75 silly idealTree:prePrune ├── heim-plugin-openzwave@0.0.1
75 silly idealTree:prePrune ├── hoek@2.16.3
75 silly idealTree:prePrune ├── home-or-tmp@1.0.0
75 silly idealTree:prePrune ├── hosted-git-info@2.1.5
75 silly idealTree:prePrune ├── http-errors@1.5.0
75 silly idealTree:prePrune ├── http-signature@1.1.1
75 silly idealTree:prePrune ├─┬ indent-string@2.1.0
75 silly idealTree:prePrune │ └── repeating@2.0.1
75 silly idealTree:prePrune ├── indexof@0.0.1
75 silly idealTree:prePrune ├── inflight@1.0.5
75 silly idealTree:prePrune ├── inherits@2.0.1
75 silly idealTree:prePrune ├── invariant@2.2.1
75 silly idealTree:prePrune ├── ipaddr.js@1.1.1
75 silly idealTree:prePrune ├── is-arrayish@0.2.1
75 silly idealTree:prePrune ├── is-binary-path@1.0.1
75 silly idealTree:prePrune ├── is-buffer@1.1.3
75 silly idealTree:prePrune ├── is-builtin-module@1.0.0
75 silly idealTree:prePrune ├── is-dotfile@1.0.2
75 silly idealTree:prePrune ├── is-equal-shallow@0.1.3
75 silly idealTree:prePrune ├── is-extendable@0.1.1
75 silly idealTree:prePrune ├── is-extglob@1.0.0
75 silly idealTree:prePrune ├── is-finite@1.0.1
75 silly idealTree:prePrune ├── is-glob@2.0.1
75 silly idealTree:prePrune ├── is-my-json-valid@2.13.1
75 silly idealTree:prePrune ├── is-number@2.1.0
75 silly idealTree:prePrune ├── is-posix-bracket@0.1.1
75 silly idealTree:prePrune ├── is-primitive@2.0.0
75 silly idealTree:prePrune ├── is-property@1.0.2
75 silly idealTree:prePrune ├── is-typedarray@1.0.0
75 silly idealTree:prePrune ├── is-utf8@0.2.1
75 silly idealTree:prePrune ├── isarray@1.0.0
75 silly idealTree:prePrune ├── isobject@2.1.0
75 silly idealTree:prePrune ├── isstream@0.1.2
75 silly idealTree:prePrune ├── jodid25519@1.0.2
75 silly idealTree:prePrune ├── js-tokens@1.0.3
75 silly idealTree:prePrune ├── jsbn@0.1.0
75 silly idealTree:prePrune ├── jsesc@0.5.0
75 silly idealTree:prePrune ├── json-schema@0.2.2
75 silly idealTree:prePrune ├── json-stringify-safe@5.0.1
75 silly idealTree:prePrune ├── json3@3.2.6
75 silly idealTree:prePrune ├── json5@0.4.0
75 silly idealTree:prePrune ├── jsonpointer@2.0.0
75 silly idealTree:prePrune ├── jsprim@1.2.2
75 silly idealTree:prePrune ├── kind-of@3.0.3
75 silly idealTree:prePrune ├── load-json-file@1.1.0
75 silly idealTree:prePrune ├── lodash@4.13.1
75 silly idealTree:prePrune ├── log-symbols@1.0.2
75 silly idealTree:prePrune ├── loose-envify@1.2.0
75 silly idealTree:prePrune ├── loud-rejection@1.5.0
75 silly idealTree:prePrune ├── lru-cache@2.5.2
75 silly idealTree:prePrune ├── map-obj@1.0.1
75 silly idealTree:prePrune ├── media-typer@0.3.0
75 silly idealTree:prePrune ├── meow@3.7.0
75 silly idealTree:prePrune ├── merge-descriptors@1.0.1
75 silly idealTree:prePrune ├── methods@1.1.2
75 silly idealTree:prePrune ├── micromatch@2.3.8
75 silly idealTree:prePrune ├── mime-db@1.23.0
75 silly idealTree:prePrune ├── mime-types@2.1.11
75 silly idealTree:prePrune ├── mime@1.3.4
75 silly idealTree:prePrune ├── minimatch@2.0.10
75 silly idealTree:prePrune ├── minimist@1.2.0
75 silly idealTree:prePrune ├─┬ mkdirp@0.5.1
75 silly idealTree:prePrune │ └── minimist@0.0.8
75 silly idealTree:prePrune ├── moment@2.13.0
75 silly idealTree:prePrune ├── ms@0.7.1
75 silly idealTree:prePrune ├─┬ mustache-express@1.2.2
75 silly idealTree:prePrune │ ├── async@0.2.10
75 silly idealTree:prePrune │ └── mustache@0.8.2
75 silly idealTree:prePrune ├── mustache@2.2.1
75 silly idealTree:prePrune ├── nan@2.3.5
75 silly idealTree:prePrune ├── negotiator@0.6.1
75 silly idealTree:prePrune ├── node-uuid@1.4.7
75 silly idealTree:prePrune ├── normalize-package-data@2.3.5
75 silly idealTree:prePrune ├── normalize-path@2.0.1
75 silly idealTree:prePrune ├── number-is-nan@1.0.0
75 silly idealTree:prePrune ├── oauth-sign@0.8.2
75 silly idealTree:prePrune ├── object-assign@4.1.0
75 silly idealTree:prePrune ├── object-component@0.0.3
75 silly idealTree:prePrune ├── object.omit@2.0.0
75 silly idealTree:prePrune ├── on-finished@2.3.0
75 silly idealTree:prePrune ├── once@1.3.3
75 silly idealTree:prePrune ├── openzwave-shared@1.2.0
75 silly idealTree:prePrune ├── options@0.0.6
75 silly idealTree:prePrune ├── os-tmpdir@1.0.1
75 silly idealTree:prePrune ├── output-file-sync@1.1.2
75 silly idealTree:prePrune ├── parse-glob@3.0.4
75 silly idealTree:prePrune ├── parse-json@2.2.0
75 silly idealTree:prePrune ├── parsejson@0.0.1
75 silly idealTree:prePrune ├── parseqs@0.0.2
75 silly idealTree:prePrune ├── parseuri@0.0.4
75 silly idealTree:prePrune ├── parseurl@1.3.1
75 silly idealTree:prePrune ├── path-exists@1.0.0
75 silly idealTree:prePrune ├── path-is-absolute@1.0.0
75 silly idealTree:prePrune ├── path-to-regexp@0.1.7
75 silly idealTree:prePrune ├── path-type@1.1.0
75 silly idealTree:prePrune ├── pify@2.3.0
75 silly idealTree:prePrune ├── pinkie-promise@2.0.1
75 silly idealTree:prePrune ├── pinkie@2.0.4
75 silly idealTree:prePrune ├── preserve@0.2.0
75 silly idealTree:prePrune ├── private@0.1.6
75 silly idealTree:prePrune ├── process-nextick-args@1.0.7
75 silly idealTree:prePrune ├── proxy-addr@1.1.2
75 silly idealTree:prePrune ├── qs@6.1.0
75 silly idealTree:prePrune ├── randomatic@1.1.5
75 silly idealTree:prePrune ├── range-parser@1.2.0
75 silly idealTree:prePrune ├── read-pkg-up@1.0.1
75 silly idealTree:prePrune ├── read-pkg@1.1.0
75 silly idealTree:prePrune ├── readable-stream@2.1.4
75 silly idealTree:prePrune ├── readdirp@2.0.0
75 silly idealTree:prePrune ├── redent@1.0.0
75 silly idealTree:prePrune ├── regenerate@1.3.1
75 silly idealTree:prePrune ├── regenerator-runtime@0.9.5
75 silly idealTree:prePrune ├── regex-cache@0.4.3
75 silly idealTree:prePrune ├── regexpu-core@1.0.0
75 silly idealTree:prePrune ├── regjsgen@0.2.0
75 silly idealTree:prePrune ├── regjsparser@0.1.5
75 silly idealTree:prePrune ├── repeat-element@1.1.2
75 silly idealTree:prePrune ├── repeat-string@1.5.4
75 silly idealTree:prePrune ├── repeating@1.1.3
75 silly idealTree:prePrune ├── request@2.72.0
75 silly idealTree:prePrune ├── semver-regex@1.0.0
75 silly idealTree:prePrune ├─┬ semver-truncate@1.1.0
75 silly idealTree:prePrune │ └── semver@5.1.0
75 silly idealTree:prePrune ├── semver@4.3.6
75 silly idealTree:prePrune ├── send@0.14.1
75 silly idealTree:prePrune ├── serve-static@1.11.1
75 silly idealTree:prePrune ├── setprototypeof@1.0.1
75 silly idealTree:prePrune ├── shebang-regex@1.0.0
75 silly idealTree:prePrune ├── signal-exit@3.0.0
75 silly idealTree:prePrune ├── slash@1.0.0
75 silly idealTree:prePrune ├── sntp@1.0.9
75 silly idealTree:prePrune ├─┬ socket.io-adapter@0.4.0
75 silly idealTree:prePrune │ ├── isarray@0.0.1
75 silly idealTree:prePrune │ └─┬ socket.io-parser@2.2.2
75 silly idealTree:prePrune │   └── debug@0.7.4
75 silly idealTree:prePrune ├─┬ socket.io-client@1.4.6
75 silly idealTree:prePrune │ └── component-emitter@1.2.0
75 silly idealTree:prePrune ├─┬ socket.io-parser@2.2.6
75 silly idealTree:prePrune │ ├── isarray@0.0.1
75 silly idealTree:prePrune │ └── json3@3.3.2
75 silly idealTree:prePrune ├── socket.io@1.4.6
75 silly idealTree:prePrune ├─┬ source-map-support@0.2.10
75 silly idealTree:prePrune │ └── source-map@0.1.32
75 silly idealTree:prePrune ├── source-map@0.5.6
75 silly idealTree:prePrune ├── spdx-correct@1.0.2
75 silly idealTree:prePrune ├── spdx-exceptions@1.0.4
75 silly idealTree:prePrune ├── spdx-expression-parse@1.0.2
75 silly idealTree:prePrune ├── spdx-license-ids@1.2.1
75 silly idealTree:prePrune ├─┬ sshpk@1.8.3
75 silly idealTree:prePrune │ └── assert-plus@1.0.0
75 silly idealTree:prePrune ├── statuses@1.3.0
75 silly idealTree:prePrune ├── string_decoder@0.10.31
75 silly idealTree:prePrune ├── stringstream@0.0.5
75 silly idealTree:prePrune ├── strip-ansi@3.0.1
75 silly idealTree:prePrune ├── strip-bom@2.0.0
75 silly idealTree:prePrune ├── strip-indent@1.0.1
75 silly idealTree:prePrune ├── supports-color@2.0.0
75 silly idealTree:prePrune ├── to-array@0.1.4
75 silly idealTree:prePrune ├── to-fast-properties@1.0.2
75 silly idealTree:prePrune ├── tough-cookie@2.2.2
75 silly idealTree:prePrune ├── trim-newlines@1.0.0
75 silly idealTree:prePrune ├── tunnel-agent@0.4.3
75 silly idealTree:prePrune ├── tweetnacl@0.13.3
75 silly idealTree:prePrune ├── type-is@1.6.13
75 silly idealTree:prePrune ├── ultron@1.0.2
75 silly idealTree:prePrune ├── unpipe@1.0.0
75 silly idealTree:prePrune ├── user-home@1.1.1
75 silly idealTree:prePrune ├── utf8@2.1.0
75 silly idealTree:prePrune ├── util-deprecate@1.0.2
75 silly idealTree:prePrune ├── utils-merge@1.0.0
75 silly idealTree:prePrune ├── v8flags@2.0.11
75 silly idealTree:prePrune ├── validate-npm-package-license@3.0.1
75 silly idealTree:prePrune ├── vary@1.1.0
75 silly idealTree:prePrune ├── verror@1.3.6
75 silly idealTree:prePrune ├── wrappy@1.0.2
75 silly idealTree:prePrune ├── ws@1.0.1
75 silly idealTree:prePrune ├── xmlhttprequest-ssl@1.5.1
75 silly idealTree:prePrune ├── xtend@4.0.1
75 silly idealTree:prePrune └── yeast@0.1.2
76 silly loadIdealTree Finishing
77 silly currentTree heim@0.0.1
77 silly currentTree ├── accepts@1.3.3
77 silly currentTree ├── after@0.8.1
77 silly currentTree ├── amdefine@1.0.0
77 silly currentTree ├── ansi-regex@2.0.0
77 silly currentTree ├── ansi-styles@2.2.1
77 silly currentTree ├── anymatch@1.3.0
77 silly currentTree ├── arr-diff@2.0.0
77 silly currentTree ├── arr-flatten@1.0.1
77 silly currentTree ├── array-find-index@1.0.1
77 silly currentTree ├── array-flatten@1.1.1
77 silly currentTree ├── array-uniq@1.0.3
77 silly currentTree ├── array-unique@0.2.1
77 silly currentTree ├── arraybuffer.slice@0.0.6
77 silly currentTree ├── arrify@1.0.1
77 silly currentTree ├── asn1@0.2.3
77 silly currentTree ├── assert-plus@0.2.0
77 silly currentTree ├── async-each@1.0.0
77 silly currentTree ├── async@1.5.2
77 silly currentTree ├── aws-sign2@0.6.0
77 silly currentTree ├── aws4@1.4.1
77 silly currentTree ├── babel-cli@6.10.1
77 silly currentTree ├── babel-code-frame@6.8.0
77 silly currentTree ├── babel-core@6.9.1
77 silly currentTree ├── babel-generator@6.10.2
77 silly currentTree ├── babel-helper-call-delegate@6.8.0
77 silly currentTree ├── babel-helper-define-map@6.9.0
77 silly currentTree ├── babel-helper-function-name@6.8.0
77 silly currentTree ├── babel-helper-get-function-arity@6.8.0
77 silly currentTree ├── babel-helper-hoist-variables@6.8.0
77 silly currentTree ├── babel-helper-optimise-call-expression@6.8.0
77 silly currentTree ├── babel-helper-regex@6.9.0
77 silly currentTree ├── babel-helper-replace-supers@6.8.0
77 silly currentTree ├── babel-helpers@6.8.0
77 silly currentTree ├── babel-messages@6.8.0
77 silly currentTree ├── babel-plugin-check-es2015-constants@6.8.0
77 silly currentTree ├── babel-plugin-syntax-async-functions@6.8.0
77 silly currentTree ├── babel-plugin-transform-es2015-arrow-functions@6.8.0
77 silly currentTree ├── babel-plugin-transform-es2015-block-scoped-functions@6.8.0
77 silly currentTree ├── babel-plugin-transform-es2015-block-scoping@6.10.1
77 silly currentTree ├── babel-plugin-transform-es2015-classes@6.9.0
77 silly currentTree ├── babel-plugin-transform-es2015-computed-properties@6.8.0
77 silly currentTree ├── babel-plugin-transform-es2015-destructuring@6.9.0
77 silly currentTree ├── babel-plugin-transform-es2015-duplicate-keys@6.8.0
77 silly currentTree ├── babel-plugin-transform-es2015-for-of@6.8.0
77 silly currentTree ├── babel-plugin-transform-es2015-function-name@6.9.0
77 silly currentTree ├── babel-plugin-transform-es2015-literals@6.8.0
77 silly currentTree ├── babel-plugin-transform-es2015-modules-commonjs@6.10.3
77 silly currentTree ├── babel-plugin-transform-es2015-object-super@6.8.0
77 silly currentTree ├── babel-plugin-transform-es2015-parameters@6.9.0
77 silly currentTree ├── babel-plugin-transform-es2015-shorthand-properties@6.8.0
77 silly currentTree ├── babel-plugin-transform-es2015-spread@6.8.0
77 silly currentTree ├── babel-plugin-transform-es2015-sticky-regex@6.8.0
77 silly currentTree ├── babel-plugin-transform-es2015-template-literals@6.8.0
77 silly currentTree ├── babel-plugin-transform-es2015-typeof-symbol@6.8.0
77 silly currentTree ├── babel-plugin-transform-es2015-unicode-regex@6.8.0
77 silly currentTree ├── babel-plugin-transform-regenerator@6.9.0
77 silly currentTree ├── babel-plugin-transform-strict-mode@6.8.0
77 silly currentTree ├── babel-polyfill@6.9.1
77 silly currentTree ├── babel-preset-es2015@6.9.0
77 silly currentTree ├── babel-register@6.9.0
77 silly currentTree ├── babel-runtime@6.9.2
77 silly currentTree ├── babel-template@6.9.0
77 silly currentTree ├── babel-traverse@6.9.0
77 silly currentTree ├── babel-types@6.10.2
77 silly currentTree ├── babylon@6.8.1
77 silly currentTree ├── backo2@1.0.2
77 silly currentTree ├── balanced-match@0.4.1
77 silly currentTree ├── base64-arraybuffer@0.1.2
77 silly currentTree ├── base64id@0.1.0
77 silly currentTree ├── benchmark@1.0.0
77 silly currentTree ├── better-assert@1.0.2
77 silly currentTree ├── bin-version-check@2.1.0
77 silly currentTree ├── bin-version@1.0.4
77 silly currentTree ├── binary-extensions@1.4.1
77 silly currentTree ├─┬ bl@1.1.2
77 silly currentTree │ └── readable-stream@2.0.6
77 silly currentTree ├── blob@0.0.4
77 silly currentTree ├── boom@2.10.1
77 silly currentTree ├── brace-expansion@1.1.5
77 silly currentTree ├── braces@1.8.5
77 silly currentTree ├── buffer-shims@1.0.0
77 silly currentTree ├── builtin-modules@1.1.1
77 silly currentTree ├── callsite@1.0.0
77 silly currentTree ├── camelcase-keys@2.1.0
77 silly currentTree ├── camelcase@2.1.1
77 silly currentTree ├── caseless@0.11.0
77 silly currentTree ├── chalk@1.1.1
77 silly currentTree ├── chokidar@1.5.2
77 silly currentTree ├── colors@1.1.2
77 silly currentTree ├── combined-stream@1.0.5
77 silly currentTree ├── commander@2.9.0
77 silly currentTree ├── component-bind@1.0.0
77 silly currentTree ├── component-emitter@1.1.2
77 silly currentTree ├── component-inherit@0.0.3
77 silly currentTree ├── concat-map@0.0.1
77 silly currentTree ├── content-disposition@0.5.1
77 silly currentTree ├── content-type@1.0.2
77 silly currentTree ├── convert-source-map@1.2.0
77 silly currentTree ├── cookie-signature@1.0.6
77 silly currentTree ├── cookie@0.3.1
77 silly currentTree ├── core-js@2.4.0
77 silly currentTree ├── core-util-is@1.0.2
77 silly currentTree ├── cryptiles@2.0.5
77 silly currentTree ├── currently-unhandled@0.4.1
77 silly currentTree ├─┬ dashdash@1.14.0
77 silly currentTree │ └── assert-plus@1.0.0
77 silly currentTree ├── debug@2.2.0
77 silly currentTree ├── decamelize@1.2.0
77 silly currentTree ├── delayed-stream@1.0.0
77 silly currentTree ├── depd@1.1.0
77 silly currentTree ├── destroy@1.0.4
77 silly currentTree ├── detect-indent@3.0.1
77 silly currentTree ├── ecc-jsbn@0.1.1
77 silly currentTree ├── ee-first@1.1.1
77 silly currentTree ├── encodeurl@1.0.1
77 silly currentTree ├── engine.io-client@1.6.9
77 silly currentTree ├─┬ engine.io-parser@1.2.4
77 silly currentTree │ ├── has-binary@0.1.6
77 silly currentTree │ └── isarray@0.0.1
77 silly currentTree ├─┬ engine.io@1.6.9
77 silly currentTree │ ├── accepts@1.1.4
77 silly currentTree │ ├── mime-db@1.12.0
77 silly currentTree │ ├── mime-types@2.0.14
77 silly currentTree │ └── negotiator@0.4.9
77 silly currentTree ├── error-ex@1.3.0
77 silly currentTree ├── escape-html@1.0.3
77 silly currentTree ├── escape-string-regexp@1.0.5
77 silly currentTree ├── esutils@2.0.2
77 silly currentTree ├── etag@1.7.0
77 silly currentTree ├── expand-brackets@0.1.5
77 silly currentTree ├── expand-range@1.8.2
77 silly currentTree ├─┬ express@4.14.0
77 silly currentTree │ └── qs@6.2.0
77 silly currentTree ├── extend@3.0.0
77 silly currentTree ├── extglob@0.3.2
77 silly currentTree ├── extsprintf@1.0.2
77 silly currentTree ├── filename-regex@2.0.0
77 silly currentTree ├── fill-range@2.2.3
77 silly currentTree ├── finalhandler@0.5.0
77 silly currentTree ├─┬ find-up@1.1.2
77 silly currentTree │ └── path-exists@2.1.0
77 silly currentTree ├── find-versions@1.2.1
77 silly currentTree ├── for-in@0.1.5
77 silly currentTree ├── for-own@0.1.4
77 silly currentTree ├── forever-agent@0.6.1
77 silly currentTree ├── form-data@1.0.0-rc4
77 silly currentTree ├── forwarded@0.1.0
77 silly currentTree ├── fresh@0.3.0
77 silly currentTree ├── fs-readdir-recursive@0.1.2
77 silly currentTree ├─┬ fsevents@1.0.12
77 silly currentTree │ ├── ansi-regex@2.0.0
77 silly currentTree │ ├── ansi-styles@2.2.1
77 silly currentTree │ ├── ansi@0.3.1
77 silly currentTree │ ├── are-we-there-yet@1.1.2
77 silly currentTree │ ├── asn1@0.2.3
77 silly currentTree │ ├── assert-plus@0.2.0
77 silly currentTree │ ├── async@1.5.2
77 silly currentTree │ ├── aws-sign2@0.6.0
77 silly currentTree │ ├─┬ aws4@1.3.2
77 silly currentTree │ │ └─┬ lru-cache@4.0.1
77 silly currentTree │ │   ├── pseudomap@1.0.2
77 silly currentTree │ │   └── yallist@2.0.0
77 silly currentTree │ ├── bl@1.0.3
77 silly currentTree │ ├── block-stream@0.0.8
77 silly currentTree │ ├── boom@2.10.1
77 silly currentTree │ ├── caseless@0.11.0
77 silly currentTree │ ├── chalk@1.1.3
77 silly currentTree │ ├── combined-stream@1.0.5
77 silly currentTree │ ├── commander@2.9.0
77 silly currentTree │ ├── core-util-is@1.0.2
77 silly currentTree │ ├── cryptiles@2.0.5
77 silly currentTree │ ├─┬ dashdash@1.13.0
77 silly currentTree │ │ └── assert-plus@1.0.0
77 silly currentTree │ ├── debug@2.2.0
77 silly currentTree │ ├── deep-extend@0.4.1
77 silly currentTree │ ├── delayed-stream@1.0.0
77 silly currentTree │ ├── delegates@1.0.0
77 silly currentTree │ ├── ecc-jsbn@0.1.1
77 silly currentTree │ ├── escape-string-regexp@1.0.5
77 silly currentTree │ ├── extend@3.0.0
77 silly currentTree │ ├── extsprintf@1.0.2
77 silly currentTree │ ├── forever-agent@0.6.1
77 silly currentTree │ ├── form-data@1.0.0-rc4
77 silly currentTree │ ├─┬ fstream-ignore@1.0.3
77 silly currentTree │ │ └─┬ minimatch@3.0.0
77 silly currentTree │ │   └─┬ brace-expansion@1.1.3
77 silly currentTree │ │     ├── balanced-match@0.3.0
77 silly currentTree │ │     └── concat-map@0.0.1
77 silly currentTree │ ├── fstream@1.0.8
77 silly currentTree │ ├── gauge@1.2.7
77 silly currentTree │ ├── generate-function@2.0.0
77 silly currentTree │ ├── generate-object-property@1.2.0
77 silly currentTree │ ├── graceful-fs@4.1.3
77 silly currentTree │ ├── graceful-readlink@1.0.1
77 silly currentTree │ ├── har-validator@2.0.6
77 silly currentTree │ ├── has-ansi@2.0.0
77 silly currentTree │ ├── has-unicode@2.0.0
77 silly currentTree │ ├── hawk@3.1.3
77 silly currentTree │ ├── hoek@2.16.3
77 silly currentTree │ ├── http-signature@1.1.1
77 silly currentTree │ ├── inherits@2.0.1
77 silly currentTree │ ├── ini@1.3.4
77 silly currentTree │ ├── is-my-json-valid@2.13.1
77 silly currentTree │ ├── is-property@1.0.2
77 silly currentTree │ ├── is-typedarray@1.0.0
77 silly currentTree │ ├── isarray@1.0.0
77 silly currentTree │ ├── isstream@0.1.2
77 silly currentTree │ ├── jodid25519@1.0.2
77 silly currentTree │ ├── jsbn@0.1.0
77 silly currentTree │ ├── json-schema@0.2.2
77 silly currentTree │ ├── json-stringify-safe@5.0.1
77 silly currentTree │ ├── jsonpointer@2.0.0
77 silly currentTree │ ├── jsprim@1.2.2
77 silly currentTree │ ├── lodash.pad@4.1.0
77 silly currentTree │ ├── lodash.padend@4.2.0
77 silly currentTree │ ├── lodash.padstart@4.2.0
77 silly currentTree │ ├── lodash.repeat@4.0.0
77 silly currentTree │ ├── lodash.tostring@4.1.2
77 silly currentTree │ ├── mime-db@1.22.0
77 silly currentTree │ ├── mime-types@2.1.10
77 silly currentTree │ ├── minimist@0.0.8
77 silly currentTree │ ├── mkdirp@0.5.1
77 silly currentTree │ ├── ms@0.7.1
77 silly currentTree │ ├─┬ node-pre-gyp@0.6.25
77 silly currentTree │ │ └─┬ nopt@3.0.6
77 silly currentTree │ │   └── abbrev@1.0.7
77 silly currentTree │ ├── node-uuid@1.4.7
77 silly currentTree │ ├── npmlog@2.0.3
77 silly currentTree │ ├── oauth-sign@0.8.1
77 silly currentTree │ ├── once@1.3.3
77 silly currentTree │ ├── pinkie-promise@2.0.0
77 silly currentTree │ ├── pinkie@2.0.4
77 silly currentTree │ ├── process-nextick-args@1.0.6
77 silly currentTree │ ├── qs@6.0.2
77 silly currentTree │ ├─┬ rc@1.1.6
77 silly currentTree │ │ └── minimist@1.2.0
77 silly currentTree │ ├── readable-stream@2.0.6
77 silly currentTree │ ├── request@2.69.0
77 silly currentTree │ ├─┬ rimraf@2.5.2
77 silly currentTree │ │ └─┬ glob@7.0.3
77 silly currentTree │ │   ├─┬ inflight@1.0.4
77 silly currentTree │ │   │ └── wrappy@1.0.1
77 silly currentTree │ │   ├── inherits@2.0.1
77 silly currentTree │ │   ├─┬ minimatch@3.0.0
77 silly currentTree │ │   │ └─┬ brace-expansion@1.1.3
77 silly currentTree │ │   │   ├── balanced-match@0.3.0
77 silly currentTree │ │   │   └── concat-map@0.0.1
77 silly currentTree │ │   ├─┬ once@1.3.3
77 silly currentTree │ │   │ └── wrappy@1.0.1
77 silly currentTree │ │   └── path-is-absolute@1.0.0
77 silly currentTree │ ├── semver@5.1.0
77 silly currentTree │ ├── sntp@1.0.9
77 silly currentTree │ ├── sshpk@1.7.4
77 silly currentTree │ ├── string_decoder@0.10.31
77 silly currentTree │ ├── stringstream@0.0.5
77 silly currentTree │ ├── strip-ansi@3.0.1
77 silly currentTree │ ├── strip-json-comments@1.0.4
77 silly currentTree │ ├── supports-color@2.0.0
77 silly currentTree │ ├── tar-pack@3.1.3
77 silly currentTree │ ├── tar@2.2.1
77 silly currentTree │ ├── tough-cookie@2.2.2
77 silly currentTree │ ├── tunnel-agent@0.4.2
77 silly currentTree │ ├── tweetnacl@0.14.3
77 silly currentTree │ ├── uid-number@0.0.6
77 silly currentTree │ ├── util-deprecate@1.0.2
77 silly currentTree │ ├── verror@1.3.6
77 silly currentTree │ ├── wrappy@1.0.1
77 silly currentTree │ └── xtend@4.0.1
77 silly currentTree ├── generate-function@2.0.0
77 silly currentTree ├── generate-object-property@1.2.0
77 silly currentTree ├── get-stdin@4.0.1
77 silly currentTree ├─┬ getpass@0.1.6
77 silly currentTree │ └── assert-plus@1.0.0
77 silly currentTree ├── glob-base@0.3.0
77 silly currentTree ├── glob-parent@2.0.0
77 silly currentTree ├── glob@5.0.15
77 silly currentTree ├── globals@8.18.0
77 silly currentTree ├── graceful-fs@4.1.4
77 silly currentTree ├── graceful-readlink@1.0.1
77 silly currentTree ├── har-validator@2.0.6
77 silly currentTree ├── has-ansi@2.0.0
77 silly currentTree ├─┬ has-binary@0.1.7
77 silly currentTree │ └── isarray@0.0.1
77 silly currentTree ├── has-cors@1.1.0
77 silly currentTree ├── hawk@3.1.3
77 silly currentTree ├── heim-plugin-openzwave@0.0.1
77 silly currentTree ├── hoek@2.16.3
77 silly currentTree ├── home-or-tmp@1.0.0
77 silly currentTree ├── hosted-git-info@2.1.5
77 silly currentTree ├── http-errors@1.5.0
77 silly currentTree ├── http-signature@1.1.1
77 silly currentTree ├─┬ indent-string@2.1.0
77 silly currentTree │ └── repeating@2.0.1
77 silly currentTree ├── indexof@0.0.1
77 silly currentTree ├── inflight@1.0.5
77 silly currentTree ├── inherits@2.0.1
77 silly currentTree ├── invariant@2.2.1
77 silly currentTree ├── ipaddr.js@1.1.1
77 silly currentTree ├── is-arrayish@0.2.1
77 silly currentTree ├── is-binary-path@1.0.1
77 silly currentTree ├── is-buffer@1.1.3
77 silly currentTree ├── is-builtin-module@1.0.0
77 silly currentTree ├── is-dotfile@1.0.2
77 silly currentTree ├── is-equal-shallow@0.1.3
77 silly currentTree ├── is-extendable@0.1.1
77 silly currentTree ├── is-extglob@1.0.0
77 silly currentTree ├── is-finite@1.0.1
77 silly currentTree ├── is-glob@2.0.1
77 silly currentTree ├── is-my-json-valid@2.13.1
77 silly currentTree ├── is-number@2.1.0
77 silly currentTree ├── is-posix-bracket@0.1.1
77 silly currentTree ├── is-primitive@2.0.0
77 silly currentTree ├── is-property@1.0.2
77 silly currentTree ├── is-typedarray@1.0.0
77 silly currentTree ├── is-utf8@0.2.1
77 silly currentTree ├── isarray@1.0.0
77 silly currentTree ├── isobject@2.1.0
77 silly currentTree ├── isstream@0.1.2
77 silly currentTree ├── jodid25519@1.0.2
77 silly currentTree ├── js-tokens@1.0.3
77 silly currentTree ├── jsbn@0.1.0
77 silly currentTree ├── jsesc@0.5.0
77 silly currentTree ├── json-schema@0.2.2
77 silly currentTree ├── json-stringify-safe@5.0.1
77 silly currentTree ├── json3@3.2.6
77 silly currentTree ├── json5@0.4.0
77 silly currentTree ├── jsonpointer@2.0.0
77 silly currentTree ├── jsprim@1.2.2
77 silly currentTree ├── kind-of@3.0.3
77 silly currentTree ├── load-json-file@1.1.0
77 silly currentTree ├── lodash@4.13.1
77 silly currentTree ├── log-symbols@1.0.2
77 silly currentTree ├── loose-envify@1.2.0
77 silly currentTree ├── loud-rejection@1.5.0
77 silly currentTree ├── lru-cache@2.5.2
77 silly currentTree ├── map-obj@1.0.1
77 silly currentTree ├── media-typer@0.3.0
77 silly currentTree ├── meow@3.7.0
77 silly currentTree ├── merge-descriptors@1.0.1
77 silly currentTree ├── methods@1.1.2
77 silly currentTree ├── micromatch@2.3.8
77 silly currentTree ├── mime-db@1.23.0
77 silly currentTree ├── mime-types@2.1.11
77 silly currentTree ├── mime@1.3.4
77 silly currentTree ├── minimatch@2.0.10
77 silly currentTree ├── minimist@1.2.0
77 silly currentTree ├─┬ mkdirp@0.5.1
77 silly currentTree │ └── minimist@0.0.8
77 silly currentTree ├── moment@2.13.0
77 silly currentTree ├── ms@0.7.1
77 silly currentTree ├─┬ mustache-express@1.2.2
77 silly currentTree │ ├── async@0.2.10
77 silly currentTree │ └── mustache@0.8.2
77 silly currentTree ├── mustache@2.2.1
77 silly currentTree ├── nan@2.3.5
77 silly currentTree ├── negotiator@0.6.1
77 silly currentTree ├── node-uuid@1.4.7
77 silly currentTree ├── normalize-package-data@2.3.5
77 silly currentTree ├── normalize-path@2.0.1
77 silly currentTree ├── number-is-nan@1.0.0
77 silly currentTree ├── oauth-sign@0.8.2
77 silly currentTree ├── object-assign@4.1.0
77 silly currentTree ├── object-component@0.0.3
77 silly currentTree ├── object.omit@2.0.0
77 silly currentTree ├── on-finished@2.3.0
77 silly currentTree ├── once@1.3.3
77 silly currentTree ├── options@0.0.6
77 silly currentTree ├── os-tmpdir@1.0.1
77 silly currentTree ├── output-file-sync@1.1.2
77 silly currentTree ├── parse-glob@3.0.4
77 silly currentTree ├── parse-json@2.2.0
77 silly currentTree ├── parsejson@0.0.1
77 silly currentTree ├── parseqs@0.0.2
77 silly currentTree ├── parseuri@0.0.4
77 silly currentTree ├── parseurl@1.3.1
77 silly currentTree ├── path-exists@1.0.0
77 silly currentTree ├── path-is-absolute@1.0.0
77 silly currentTree ├── path-to-regexp@0.1.7
77 silly currentTree ├── path-type@1.1.0
77 silly currentTree ├── pify@2.3.0
77 silly currentTree ├── pinkie-promise@2.0.1
77 silly currentTree ├── pinkie@2.0.4
77 silly currentTree ├── preserve@0.2.0
77 silly currentTree ├── private@0.1.6
77 silly currentTree ├── process-nextick-args@1.0.7
77 silly currentTree ├── proxy-addr@1.1.2
77 silly currentTree ├── qs@6.1.0
77 silly currentTree ├── randomatic@1.1.5
77 silly currentTree ├── range-parser@1.2.0
77 silly currentTree ├── read-pkg-up@1.0.1
77 silly currentTree ├── read-pkg@1.1.0
77 silly currentTree ├── readable-stream@2.1.4
77 silly currentTree ├── readdirp@2.0.0
77 silly currentTree ├── redent@1.0.0
77 silly currentTree ├── regenerate@1.3.1
77 silly currentTree ├── regenerator-runtime@0.9.5
77 silly currentTree ├── regex-cache@0.4.3
77 silly currentTree ├── regexpu-core@1.0.0
77 silly currentTree ├── regjsgen@0.2.0
77 silly currentTree ├── regjsparser@0.1.5
77 silly currentTree ├── repeat-element@1.1.2
77 silly currentTree ├── repeat-string@1.5.4
77 silly currentTree ├── repeating@1.1.3
77 silly currentTree ├── request@2.72.0
77 silly currentTree ├── semver-regex@1.0.0
77 silly currentTree ├─┬ semver-truncate@1.1.0
77 silly currentTree │ └── semver@5.1.0
77 silly currentTree ├── semver@4.3.6
77 silly currentTree ├── send@0.14.1
77 silly currentTree ├── serve-static@1.11.1
77 silly currentTree ├── setprototypeof@1.0.1
77 silly currentTree ├── shebang-regex@1.0.0
77 silly currentTree ├── signal-exit@3.0.0
77 silly currentTree ├── slash@1.0.0
77 silly currentTree ├── sntp@1.0.9
77 silly currentTree ├─┬ socket.io-adapter@0.4.0
77 silly currentTree │ ├── isarray@0.0.1
77 silly currentTree │ └─┬ socket.io-parser@2.2.2
77 silly currentTree │   └── debug@0.7.4
77 silly currentTree ├─┬ socket.io-client@1.4.6
77 silly currentTree │ └── component-emitter@1.2.0
77 silly currentTree ├─┬ socket.io-parser@2.2.6
77 silly currentTree │ ├── isarray@0.0.1
77 silly currentTree │ └── json3@3.3.2
77 silly currentTree ├── socket.io@1.4.6
77 silly currentTree ├─┬ source-map-support@0.2.10
77 silly currentTree │ └── source-map@0.1.32
77 silly currentTree ├── source-map@0.5.6
77 silly currentTree ├── spdx-correct@1.0.2
77 silly currentTree ├── spdx-exceptions@1.0.4
77 silly currentTree ├── spdx-expression-parse@1.0.2
77 silly currentTree ├── spdx-license-ids@1.2.1
77 silly currentTree ├─┬ sshpk@1.8.3
77 silly currentTree │ └── assert-plus@1.0.0
77 silly currentTree ├── statuses@1.3.0
77 silly currentTree ├── string_decoder@0.10.31
77 silly currentTree ├── stringstream@0.0.5
77 silly currentTree ├── strip-ansi@3.0.1
77 silly currentTree ├── strip-bom@2.0.0
77 silly currentTree ├── strip-indent@1.0.1
77 silly currentTree ├── supports-color@2.0.0
77 silly currentTree ├── to-array@0.1.4
77 silly currentTree ├── to-fast-properties@1.0.2
77 silly currentTree ├── tough-cookie@2.2.2
77 silly currentTree ├── trim-newlines@1.0.0
77 silly currentTree ├── tunnel-agent@0.4.3
77 silly currentTree ├── tweetnacl@0.13.3
77 silly currentTree ├── type-is@1.6.13
77 silly currentTree ├── ultron@1.0.2
77 silly currentTree ├── unpipe@1.0.0
77 silly currentTree ├── user-home@1.1.1
77 silly currentTree ├── utf8@2.1.0
77 silly currentTree ├── util-deprecate@1.0.2
77 silly currentTree ├── utils-merge@1.0.0
77 silly currentTree ├── v8flags@2.0.11
77 silly currentTree ├── validate-npm-package-license@3.0.1
77 silly currentTree ├── vary@1.1.0
77 silly currentTree ├── verror@1.3.6
77 silly currentTree ├── wrappy@1.0.2
77 silly currentTree ├── ws@1.0.1
77 silly currentTree ├── xmlhttprequest-ssl@1.5.1
77 silly currentTree ├── xtend@4.0.1
77 silly currentTree └── yeast@0.1.2
78 silly idealTree heim@0.0.1
78 silly idealTree ├── accepts@1.3.3
78 silly idealTree ├── after@0.8.1
78 silly idealTree ├── amdefine@1.0.0
78 silly idealTree ├── ansi-regex@2.0.0
78 silly idealTree ├── ansi-styles@2.2.1
78 silly idealTree ├── anymatch@1.3.0
78 silly idealTree ├── arr-diff@2.0.0
78 silly idealTree ├── arr-flatten@1.0.1
78 silly idealTree ├── array-find-index@1.0.1
78 silly idealTree ├── array-flatten@1.1.1
78 silly idealTree ├── array-uniq@1.0.3
78 silly idealTree ├── array-unique@0.2.1
78 silly idealTree ├── arraybuffer.slice@0.0.6
78 silly idealTree ├── arrify@1.0.1
78 silly idealTree ├── asn1@0.2.3
78 silly idealTree ├── assert-plus@0.2.0
78 silly idealTree ├── async-each@1.0.0
78 silly idealTree ├── async@1.5.2
78 silly idealTree ├── aws-sign2@0.6.0
78 silly idealTree ├── aws4@1.4.1
78 silly idealTree ├── babel-cli@6.10.1
78 silly idealTree ├── babel-code-frame@6.8.0
78 silly idealTree ├── babel-core@6.9.1
78 silly idealTree ├── babel-generator@6.10.2
78 silly idealTree ├── babel-helper-call-delegate@6.8.0
78 silly idealTree ├── babel-helper-define-map@6.9.0
78 silly idealTree ├── babel-helper-function-name@6.8.0
78 silly idealTree ├── babel-helper-get-function-arity@6.8.0
78 silly idealTree ├── babel-helper-hoist-variables@6.8.0
78 silly idealTree ├── babel-helper-optimise-call-expression@6.8.0
78 silly idealTree ├── babel-helper-regex@6.9.0
78 silly idealTree ├── babel-helper-replace-supers@6.8.0
78 silly idealTree ├── babel-helpers@6.8.0
78 silly idealTree ├── babel-messages@6.8.0
78 silly idealTree ├── babel-plugin-check-es2015-constants@6.8.0
78 silly idealTree ├── babel-plugin-syntax-async-functions@6.8.0
78 silly idealTree ├── babel-plugin-transform-es2015-arrow-functions@6.8.0
78 silly idealTree ├── babel-plugin-transform-es2015-block-scoped-functions@6.8.0
78 silly idealTree ├── babel-plugin-transform-es2015-block-scoping@6.10.1
78 silly idealTree ├── babel-plugin-transform-es2015-classes@6.9.0
78 silly idealTree ├── babel-plugin-transform-es2015-computed-properties@6.8.0
78 silly idealTree ├── babel-plugin-transform-es2015-destructuring@6.9.0
78 silly idealTree ├── babel-plugin-transform-es2015-duplicate-keys@6.8.0
78 silly idealTree ├── babel-plugin-transform-es2015-for-of@6.8.0
78 silly idealTree ├── babel-plugin-transform-es2015-function-name@6.9.0
78 silly idealTree ├── babel-plugin-transform-es2015-literals@6.8.0
78 silly idealTree ├── babel-plugin-transform-es2015-modules-commonjs@6.10.3
78 silly idealTree ├── babel-plugin-transform-es2015-object-super@6.8.0
78 silly idealTree ├── babel-plugin-transform-es2015-parameters@6.9.0
78 silly idealTree ├── babel-plugin-transform-es2015-shorthand-properties@6.8.0
78 silly idealTree ├── babel-plugin-transform-es2015-spread@6.8.0
78 silly idealTree ├── babel-plugin-transform-es2015-sticky-regex@6.8.0
78 silly idealTree ├── babel-plugin-transform-es2015-template-literals@6.8.0
78 silly idealTree ├── babel-plugin-transform-es2015-typeof-symbol@6.8.0
78 silly idealTree ├── babel-plugin-transform-es2015-unicode-regex@6.8.0
78 silly idealTree ├── babel-plugin-transform-regenerator@6.9.0
78 silly idealTree ├── babel-plugin-transform-strict-mode@6.8.0
78 silly idealTree ├── babel-polyfill@6.9.1
78 silly idealTree ├── babel-preset-es2015@6.9.0
78 silly idealTree ├── babel-register@6.9.0
78 silly idealTree ├── babel-runtime@6.9.2
78 silly idealTree ├── babel-template@6.9.0
78 silly idealTree ├── babel-traverse@6.9.0
78 silly idealTree ├── babel-types@6.10.2
78 silly idealTree ├── babylon@6.8.1
78 silly idealTree ├── backo2@1.0.2
78 silly idealTree ├── balanced-match@0.4.1
78 silly idealTree ├── base64-arraybuffer@0.1.2
78 silly idealTree ├── base64id@0.1.0
78 silly idealTree ├── benchmark@1.0.0
78 silly idealTree ├── better-assert@1.0.2
78 silly idealTree ├── bin-version-check@2.1.0
78 silly idealTree ├── bin-version@1.0.4
78 silly idealTree ├── binary-extensions@1.4.1
78 silly idealTree ├─┬ bl@1.1.2
78 silly idealTree │ └── readable-stream@2.0.6
78 silly idealTree ├── blob@0.0.4
78 silly idealTree ├── boom@2.10.1
78 silly idealTree ├── brace-expansion@1.1.5
78 silly idealTree ├── braces@1.8.5
78 silly idealTree ├── buffer-shims@1.0.0
78 silly idealTree ├── builtin-modules@1.1.1
78 silly idealTree ├── callsite@1.0.0
78 silly idealTree ├── camelcase-keys@2.1.0
78 silly idealTree ├── camelcase@2.1.1
78 silly idealTree ├── caseless@0.11.0
78 silly idealTree ├── chalk@1.1.1
78 silly idealTree ├── chokidar@1.5.2
78 silly idealTree ├── colors@1.1.2
78 silly idealTree ├── combined-stream@1.0.5
78 silly idealTree ├── commander@2.9.0
78 silly idealTree ├── component-bind@1.0.0
78 silly idealTree ├── component-emitter@1.1.2
78 silly idealTree ├── component-inherit@0.0.3
78 silly idealTree ├── concat-map@0.0.1
78 silly idealTree ├── content-disposition@0.5.1
78 silly idealTree ├── content-type@1.0.2
78 silly idealTree ├── convert-source-map@1.2.0
78 silly idealTree ├── cookie-signature@1.0.6
78 silly idealTree ├── cookie@0.3.1
78 silly idealTree ├── core-js@2.4.0
78 silly idealTree ├── core-util-is@1.0.2
78 silly idealTree ├── cryptiles@2.0.5
78 silly idealTree ├── currently-unhandled@0.4.1
78 silly idealTree ├─┬ dashdash@1.14.0
78 silly idealTree │ └── assert-plus@1.0.0
78 silly idealTree ├── debug@2.2.0
78 silly idealTree ├── decamelize@1.2.0
78 silly idealTree ├── delayed-stream@1.0.0
78 silly idealTree ├── depd@1.1.0
78 silly idealTree ├── destroy@1.0.4
78 silly idealTree ├── detect-indent@3.0.1
78 silly idealTree ├── ecc-jsbn@0.1.1
78 silly idealTree ├── ee-first@1.1.1
78 silly idealTree ├── encodeurl@1.0.1
78 silly idealTree ├── engine.io-client@1.6.9
78 silly idealTree ├─┬ engine.io-parser@1.2.4
78 silly idealTree │ ├── has-binary@0.1.6
78 silly idealTree │ └── isarray@0.0.1
78 silly idealTree ├─┬ engine.io@1.6.9
78 silly idealTree │ ├── accepts@1.1.4
78 silly idealTree │ ├── mime-db@1.12.0
78 silly idealTree │ ├── mime-types@2.0.14
78 silly idealTree │ └── negotiator@0.4.9
78 silly idealTree ├── error-ex@1.3.0
78 silly idealTree ├── escape-html@1.0.3
78 silly idealTree ├── escape-string-regexp@1.0.5
78 silly idealTree ├── esutils@2.0.2
78 silly idealTree ├── etag@1.7.0
78 silly idealTree ├── expand-brackets@0.1.5
78 silly idealTree ├── expand-range@1.8.2
78 silly idealTree ├─┬ express@4.14.0
78 silly idealTree │ └── qs@6.2.0
78 silly idealTree ├── extend@3.0.0
78 silly idealTree ├── extglob@0.3.2
78 silly idealTree ├── extsprintf@1.0.2
78 silly idealTree ├── filename-regex@2.0.0
78 silly idealTree ├── fill-range@2.2.3
78 silly idealTree ├── finalhandler@0.5.0
78 silly idealTree ├─┬ find-up@1.1.2
78 silly idealTree │ └── path-exists@2.1.0
78 silly idealTree ├── find-versions@1.2.1
78 silly idealTree ├── for-in@0.1.5
78 silly idealTree ├── for-own@0.1.4
78 silly idealTree ├── forever-agent@0.6.1
78 silly idealTree ├── form-data@1.0.0-rc4
78 silly idealTree ├── forwarded@0.1.0
78 silly idealTree ├── fresh@0.3.0
78 silly idealTree ├── fs-readdir-recursive@0.1.2
78 silly idealTree ├─┬ fsevents@1.0.12
78 silly idealTree │ ├── ansi-regex@2.0.0
78 silly idealTree │ ├── ansi-styles@2.2.1
78 silly idealTree │ ├── ansi@0.3.1
78 silly idealTree │ ├── are-we-there-yet@1.1.2
78 silly idealTree │ ├── asn1@0.2.3
78 silly idealTree │ ├── assert-plus@0.2.0
78 silly idealTree │ ├── async@1.5.2
78 silly idealTree │ ├── aws-sign2@0.6.0
78 silly idealTree │ ├─┬ aws4@1.3.2
78 silly idealTree │ │ └─┬ lru-cache@4.0.1
78 silly idealTree │ │   ├── pseudomap@1.0.2
78 silly idealTree │ │   └── yallist@2.0.0
78 silly idealTree │ ├── bl@1.0.3
78 silly idealTree │ ├── block-stream@0.0.8
78 silly idealTree │ ├── boom@2.10.1
78 silly idealTree │ ├── caseless@0.11.0
78 silly idealTree │ ├── chalk@1.1.3
78 silly idealTree │ ├── combined-stream@1.0.5
78 silly idealTree │ ├── commander@2.9.0
78 silly idealTree │ ├── core-util-is@1.0.2
78 silly idealTree │ ├── cryptiles@2.0.5
78 silly idealTree │ ├─┬ dashdash@1.13.0
78 silly idealTree │ │ └── assert-plus@1.0.0
78 silly idealTree │ ├── debug@2.2.0
78 silly idealTree │ ├── deep-extend@0.4.1
78 silly idealTree │ ├── delayed-stream@1.0.0
78 silly idealTree │ ├── delegates@1.0.0
78 silly idealTree │ ├── ecc-jsbn@0.1.1
78 silly idealTree │ ├── escape-string-regexp@1.0.5
78 silly idealTree │ ├── extend@3.0.0
78 silly idealTree │ ├── extsprintf@1.0.2
78 silly idealTree │ ├── forever-agent@0.6.1
78 silly idealTree │ ├── form-data@1.0.0-rc4
78 silly idealTree │ ├─┬ fstream-ignore@1.0.3
78 silly idealTree │ │ └─┬ minimatch@3.0.0
78 silly idealTree │ │   └─┬ brace-expansion@1.1.3
78 silly idealTree │ │     ├── balanced-match@0.3.0
78 silly idealTree │ │     └── concat-map@0.0.1
78 silly idealTree │ ├── fstream@1.0.8
78 silly idealTree │ ├── gauge@1.2.7
78 silly idealTree │ ├── generate-function@2.0.0
78 silly idealTree │ ├── generate-object-property@1.2.0
78 silly idealTree │ ├── graceful-fs@4.1.3
78 silly idealTree │ ├── graceful-readlink@1.0.1
78 silly idealTree │ ├── har-validator@2.0.6
78 silly idealTree │ ├── has-ansi@2.0.0
78 silly idealTree │ ├── has-unicode@2.0.0
78 silly idealTree │ ├── hawk@3.1.3
78 silly idealTree │ ├── hoek@2.16.3
78 silly idealTree │ ├── http-signature@1.1.1
78 silly idealTree │ ├── inherits@2.0.1
78 silly idealTree │ ├── ini@1.3.4
78 silly idealTree │ ├── is-my-json-valid@2.13.1
78 silly idealTree │ ├── is-property@1.0.2
78 silly idealTree │ ├── is-typedarray@1.0.0
78 silly idealTree │ ├── isarray@1.0.0
78 silly idealTree │ ├── isstream@0.1.2
78 silly idealTree │ ├── jodid25519@1.0.2
78 silly idealTree │ ├── jsbn@0.1.0
78 silly idealTree │ ├── json-schema@0.2.2
78 silly idealTree │ ├── json-stringify-safe@5.0.1
78 silly idealTree │ ├── jsonpointer@2.0.0
78 silly idealTree │ ├── jsprim@1.2.2
78 silly idealTree │ ├── lodash.pad@4.1.0
78 silly idealTree │ ├── lodash.padend@4.2.0
78 silly idealTree │ ├── lodash.padstart@4.2.0
78 silly idealTree │ ├── lodash.repeat@4.0.0
78 silly idealTree │ ├── lodash.tostring@4.1.2
78 silly idealTree │ ├── mime-db@1.22.0
78 silly idealTree │ ├── mime-types@2.1.10
78 silly idealTree │ ├── minimist@0.0.8
78 silly idealTree │ ├── mkdirp@0.5.1
78 silly idealTree │ ├── ms@0.7.1
78 silly idealTree │ ├─┬ node-pre-gyp@0.6.25
78 silly idealTree │ │ └─┬ nopt@3.0.6
78 silly idealTree │ │   └── abbrev@1.0.7
78 silly idealTree │ ├── node-uuid@1.4.7
78 silly idealTree │ ├── npmlog@2.0.3
78 silly idealTree │ ├── oauth-sign@0.8.1
78 silly idealTree │ ├── once@1.3.3
78 silly idealTree │ ├── pinkie-promise@2.0.0
78 silly idealTree │ ├── pinkie@2.0.4
78 silly idealTree │ ├── process-nextick-args@1.0.6
78 silly idealTree │ ├── qs@6.0.2
78 silly idealTree │ ├─┬ rc@1.1.6
78 silly idealTree │ │ └── minimist@1.2.0
78 silly idealTree │ ├── readable-stream@2.0.6
78 silly idealTree │ ├── request@2.69.0
78 silly idealTree │ ├─┬ rimraf@2.5.2
78 silly idealTree │ │ └─┬ glob@7.0.3
78 silly idealTree │ │   ├─┬ inflight@1.0.4
78 silly idealTree │ │   │ └── wrappy@1.0.1
78 silly idealTree │ │   ├── inherits@2.0.1
78 silly idealTree │ │   ├─┬ minimatch@3.0.0
78 silly idealTree │ │   │ └─┬ brace-expansion@1.1.3
78 silly idealTree │ │   │   ├── balanced-match@0.3.0
78 silly idealTree │ │   │   └── concat-map@0.0.1
78 silly idealTree │ │   ├─┬ once@1.3.3
78 silly idealTree │ │   │ └── wrappy@1.0.1
78 silly idealTree │ │   └── path-is-absolute@1.0.0
78 silly idealTree │ ├── semver@5.1.0
78 silly idealTree │ ├── sntp@1.0.9
78 silly idealTree │ ├── sshpk@1.7.4
78 silly idealTree │ ├── string_decoder@0.10.31
78 silly idealTree │ ├── stringstream@0.0.5
78 silly idealTree │ ├── strip-ansi@3.0.1
78 silly idealTree │ ├── strip-json-comments@1.0.4
78 silly idealTree │ ├── supports-color@2.0.0
78 silly idealTree │ ├── tar-pack@3.1.3
78 silly idealTree │ ├── tar@2.2.1
78 silly idealTree │ ├── tough-cookie@2.2.2
78 silly idealTree │ ├── tunnel-agent@0.4.2
78 silly idealTree │ ├── tweetnacl@0.14.3
78 silly idealTree │ ├── uid-number@0.0.6
78 silly idealTree │ ├── util-deprecate@1.0.2
78 silly idealTree │ ├── verror@1.3.6
78 silly idealTree │ ├── wrappy@1.0.1
78 silly idealTree │ └── xtend@4.0.1
78 silly idealTree ├── generate-function@2.0.0
78 silly idealTree ├── generate-object-property@1.2.0
78 silly idealTree ├── get-stdin@4.0.1
78 silly idealTree ├─┬ getpass@0.1.6
78 silly idealTree │ └── assert-plus@1.0.0
78 silly idealTree ├── glob-base@0.3.0
78 silly idealTree ├── glob-parent@2.0.0
78 silly idealTree ├── glob@5.0.15
78 silly idealTree ├── globals@8.18.0
78 silly idealTree ├── graceful-fs@4.1.4
78 silly idealTree ├── graceful-readlink@1.0.1
78 silly idealTree ├── har-validator@2.0.6
78 silly idealTree ├── has-ansi@2.0.0
78 silly idealTree ├─┬ has-binary@0.1.7
78 silly idealTree │ └── isarray@0.0.1
78 silly idealTree ├── has-cors@1.1.0
78 silly idealTree ├── hawk@3.1.3
78 silly idealTree ├── heim-plugin-openzwave@0.0.1
78 silly idealTree ├── hoek@2.16.3
78 silly idealTree ├── home-or-tmp@1.0.0
78 silly idealTree ├── hosted-git-info@2.1.5
78 silly idealTree ├── http-errors@1.5.0
78 silly idealTree ├── http-signature@1.1.1
78 silly idealTree ├─┬ indent-string@2.1.0
78 silly idealTree │ └── repeating@2.0.1
78 silly idealTree ├── indexof@0.0.1
78 silly idealTree ├── inflight@1.0.5
78 silly idealTree ├── inherits@2.0.1
78 silly idealTree ├── invariant@2.2.1
78 silly idealTree ├── ipaddr.js@1.1.1
78 silly idealTree ├── is-arrayish@0.2.1
78 silly idealTree ├── is-binary-path@1.0.1
78 silly idealTree ├── is-buffer@1.1.3
78 silly idealTree ├── is-builtin-module@1.0.0
78 silly idealTree ├── is-dotfile@1.0.2
78 silly idealTree ├── is-equal-shallow@0.1.3
78 silly idealTree ├── is-extendable@0.1.1
78 silly idealTree ├── is-extglob@1.0.0
78 silly idealTree ├── is-finite@1.0.1
78 silly idealTree ├── is-glob@2.0.1
78 silly idealTree ├── is-my-json-valid@2.13.1
78 silly idealTree ├── is-number@2.1.0
78 silly idealTree ├── is-posix-bracket@0.1.1
78 silly idealTree ├── is-primitive@2.0.0
78 silly idealTree ├── is-property@1.0.2
78 silly idealTree ├── is-typedarray@1.0.0
78 silly idealTree ├── is-utf8@0.2.1
78 silly idealTree ├── isarray@1.0.0
78 silly idealTree ├── isobject@2.1.0
78 silly idealTree ├── isstream@0.1.2
78 silly idealTree ├── jodid25519@1.0.2
78 silly idealTree ├── js-tokens@1.0.3
78 silly idealTree ├── jsbn@0.1.0
78 silly idealTree ├── jsesc@0.5.0
78 silly idealTree ├── json-schema@0.2.2
78 silly idealTree ├── json-stringify-safe@5.0.1
78 silly idealTree ├── json3@3.2.6
78 silly idealTree ├── json5@0.4.0
78 silly idealTree ├── jsonpointer@2.0.0
78 silly idealTree ├── jsprim@1.2.2
78 silly idealTree ├── kind-of@3.0.3
78 silly idealTree ├── load-json-file@1.1.0
78 silly idealTree ├── lodash@4.13.1
78 silly idealTree ├── log-symbols@1.0.2
78 silly idealTree ├── loose-envify@1.2.0
78 silly idealTree ├── loud-rejection@1.5.0
78 silly idealTree ├── lru-cache@2.5.2
78 silly idealTree ├── map-obj@1.0.1
78 silly idealTree ├── media-typer@0.3.0
78 silly idealTree ├── meow@3.7.0
78 silly idealTree ├── merge-descriptors@1.0.1
78 silly idealTree ├── methods@1.1.2
78 silly idealTree ├── micromatch@2.3.8
78 silly idealTree ├── mime-db@1.23.0
78 silly idealTree ├── mime-types@2.1.11
78 silly idealTree ├── mime@1.3.4
78 silly idealTree ├── minimatch@2.0.10
78 silly idealTree ├── minimist@1.2.0
78 silly idealTree ├─┬ mkdirp@0.5.1
78 silly idealTree │ └── minimist@0.0.8
78 silly idealTree ├── moment@2.13.0
78 silly idealTree ├── ms@0.7.1
78 silly idealTree ├─┬ mustache-express@1.2.2
78 silly idealTree │ ├── async@0.2.10
78 silly idealTree │ └── mustache@0.8.2
78 silly idealTree ├── mustache@2.2.1
78 silly idealTree ├── nan@2.3.5
78 silly idealTree ├── negotiator@0.6.1
78 silly idealTree ├── node-uuid@1.4.7
78 silly idealTree ├── normalize-package-data@2.3.5
78 silly idealTree ├── normalize-path@2.0.1
78 silly idealTree ├── number-is-nan@1.0.0
78 silly idealTree ├── oauth-sign@0.8.2
78 silly idealTree ├── object-assign@4.1.0
78 silly idealTree ├── object-component@0.0.3
78 silly idealTree ├── object.omit@2.0.0
78 silly idealTree ├── on-finished@2.3.0
78 silly idealTree ├── once@1.3.3
78 silly idealTree ├── openzwave-shared@1.2.0
78 silly idealTree ├── options@0.0.6
78 silly idealTree ├── os-tmpdir@1.0.1
78 silly idealTree ├── output-file-sync@1.1.2
78 silly idealTree ├── parse-glob@3.0.4
78 silly idealTree ├── parse-json@2.2.0
78 silly idealTree ├── parsejson@0.0.1
78 silly idealTree ├── parseqs@0.0.2
78 silly idealTree ├── parseuri@0.0.4
78 silly idealTree ├── parseurl@1.3.1
78 silly idealTree ├── path-exists@1.0.0
78 silly idealTree ├── path-is-absolute@1.0.0
78 silly idealTree ├── path-to-regexp@0.1.7
78 silly idealTree ├── path-type@1.1.0
78 silly idealTree ├── pify@2.3.0
78 silly idealTree ├── pinkie-promise@2.0.1
78 silly idealTree ├── pinkie@2.0.4
78 silly idealTree ├── preserve@0.2.0
78 silly idealTree ├── private@0.1.6
78 silly idealTree ├── process-nextick-args@1.0.7
78 silly idealTree ├── proxy-addr@1.1.2
78 silly idealTree ├── qs@6.1.0
78 silly idealTree ├── randomatic@1.1.5
78 silly idealTree ├── range-parser@1.2.0
78 silly idealTree ├── read-pkg-up@1.0.1
78 silly idealTree ├── read-pkg@1.1.0
78 silly idealTree ├── readable-stream@2.1.4
78 silly idealTree ├── readdirp@2.0.0
78 silly idealTree ├── redent@1.0.0
78 silly idealTree ├── regenerate@1.3.1
78 silly idealTree ├── regenerator-runtime@0.9.5
78 silly idealTree ├── regex-cache@0.4.3
78 silly idealTree ├── regexpu-core@1.0.0
78 silly idealTree ├── regjsgen@0.2.0
78 silly idealTree ├── regjsparser@0.1.5
78 silly idealTree ├── repeat-element@1.1.2
78 silly idealTree ├── repeat-string@1.5.4
78 silly idealTree ├── repeating@1.1.3
78 silly idealTree ├── request@2.72.0
78 silly idealTree ├── semver-regex@1.0.0
78 silly idealTree ├─┬ semver-truncate@1.1.0
78 silly idealTree │ └── semver@5.1.0
78 silly idealTree ├── semver@4.3.6
78 silly idealTree ├── send@0.14.1
78 silly idealTree ├── serve-static@1.11.1
78 silly idealTree ├── setprototypeof@1.0.1
78 silly idealTree ├── shebang-regex@1.0.0
78 silly idealTree ├── signal-exit@3.0.0
78 silly idealTree ├── slash@1.0.0
78 silly idealTree ├── sntp@1.0.9
78 silly idealTree ├─┬ socket.io-adapter@0.4.0
78 silly idealTree │ ├── isarray@0.0.1
78 silly idealTree │ └─┬ socket.io-parser@2.2.2
78 silly idealTree │   └── debug@0.7.4
78 silly idealTree ├─┬ socket.io-client@1.4.6
78 silly idealTree │ └── component-emitter@1.2.0
78 silly idealTree ├─┬ socket.io-parser@2.2.6
78 silly idealTree │ ├── isarray@0.0.1
78 silly idealTree │ └── json3@3.3.2
78 silly idealTree ├── socket.io@1.4.6
78 silly idealTree ├─┬ source-map-support@0.2.10
78 silly idealTree │ └── source-map@0.1.32
78 silly idealTree ├── source-map@0.5.6
78 silly idealTree ├── spdx-correct@1.0.2
78 silly idealTree ├── spdx-exceptions@1.0.4
78 silly idealTree ├── spdx-expression-parse@1.0.2
78 silly idealTree ├── spdx-license-ids@1.2.1
78 silly idealTree ├─┬ sshpk@1.8.3
78 silly idealTree │ └── assert-plus@1.0.0
78 silly idealTree ├── statuses@1.3.0
78 silly idealTree ├── string_decoder@0.10.31
78 silly idealTree ├── stringstream@0.0.5
78 silly idealTree ├── strip-ansi@3.0.1
78 silly idealTree ├── strip-bom@2.0.0
78 silly idealTree ├── strip-indent@1.0.1
78 silly idealTree ├── supports-color@2.0.0
78 silly idealTree ├── to-array@0.1.4
78 silly idealTree ├── to-fast-properties@1.0.2
78 silly idealTree ├── tough-cookie@2.2.2
78 silly idealTree ├── trim-newlines@1.0.0
78 silly idealTree ├── tunnel-agent@0.4.3
78 silly idealTree ├── tweetnacl@0.13.3
78 silly idealTree ├── type-is@1.6.13
78 silly idealTree ├── ultron@1.0.2
78 silly idealTree ├── unpipe@1.0.0
78 silly idealTree ├── user-home@1.1.1
78 silly idealTree ├── utf8@2.1.0
78 silly idealTree ├── util-deprecate@1.0.2
78 silly idealTree ├── utils-merge@1.0.0
78 silly idealTree ├── v8flags@2.0.11
78 silly idealTree ├── validate-npm-package-license@3.0.1
78 silly idealTree ├── vary@1.1.0
78 silly idealTree ├── verror@1.3.6
78 silly idealTree ├── wrappy@1.0.2
78 silly idealTree ├── ws@1.0.1
78 silly idealTree ├── xmlhttprequest-ssl@1.5.1
78 silly idealTree ├── xtend@4.0.1
78 silly idealTree └── yeast@0.1.2
79 silly generateActionsToTake Starting
80 silly install generateActionsToTake
81 silly generateActionsToTake Finishing
82 silly diffTrees action count 1
83 silly diffTrees add openzwave-shared@1.2.0
84 silly decomposeActions action count 8
85 silly decomposeActions fetch openzwave-shared@1.2.0
86 silly decomposeActions extract openzwave-shared@1.2.0
87 silly decomposeActions test openzwave-shared@1.2.0
88 silly decomposeActions preinstall openzwave-shared@1.2.0
89 silly decomposeActions build openzwave-shared@1.2.0
90 silly decomposeActions install openzwave-shared@1.2.0
91 silly decomposeActions postinstall openzwave-shared@1.2.0
92 silly decomposeActions finalize openzwave-shared@1.2.0
93 silly executeActions Starting
94 silly install executeActions
95 silly doSerial global-install 0
96 silly doParallel fetch 1
97 verbose correctMkdir /Users/tormorten/.npm/_locks correctMkdir not in flight; initializing
98 verbose lock using /Users/tormorten/.npm/_locks/staging-84ef8dd5ccfd206b.lock for /Users/tormorten/Code/heim-node/node_modules/.staging
99 silly doParallel extract 1
100 silly extract openzwave-shared@1.2.0
101 verbose unbuild node_modules/.staging/openzwave-shared-95ac14f0
102 silly gentlyRm /Users/tormorten/Code/heim-node/node_modules/.staging/openzwave-shared-95ac14f0 is being purged from base /Users/tormorten/Code/heim-node
103 verbose gentlyRm don't care about contents; nuking /Users/tormorten/Code/heim-node/node_modules/.staging/openzwave-shared-95ac14f0
104 verbose tar unpack /Users/tormorten/.npm/openzwave-shared/1.2.0/package.tgz
105 verbose tar unpacking to /Users/tormorten/Code/heim-node/node_modules/.staging/openzwave-shared-95ac14f0
106 silly gentlyRm /Users/tormorten/Code/heim-node/node_modules/.staging/openzwave-shared-95ac14f0 is being purged
107 verbose gentlyRm don't care about contents; nuking /Users/tormorten/Code/heim-node/node_modules/.staging/openzwave-shared-95ac14f0
108 silly gunzTarPerm modes [ '755', '644' ]
109 silly gunzTarPerm extractEntry package.json
110 silly gunzTarPerm modified mode [ 'package.json', 436, 420 ]
111 silly gunzTarPerm extractEntry .npmignore
112 silly gunzTarPerm modified mode [ '.npmignore', 436, 420 ]
113 silly gunzTarPerm extractEntry README.md
114 silly gunzTarPerm modified mode [ 'README.md', 436, 420 ]
115 silly gunzTarPerm extractEntry test.js
116 silly gunzTarPerm modified mode [ 'test.js', 436, 420 ]
117 silly gunzTarPerm extractEntry test2.js
118 silly gunzTarPerm modified mode [ 'test2.js', 436, 420 ]
119 silly gunzTarPerm extractEntry test3.js
120 silly gunzTarPerm modified mode [ 'test3.js', 436, 420 ]
121 silly gunzTarPerm extractEntry README-api.md
122 silly gunzTarPerm modified mode [ 'README-api.md', 436, 420 ]
123 silly gunzTarPerm extractEntry README-events.md
124 silly gunzTarPerm modified mode [ 'README-events.md', 436, 420 ]
125 silly gunzTarPerm extractEntry README-example.md
126 silly gunzTarPerm modified mode [ 'README-example.md', 436, 420 ]
127 silly gunzTarPerm extractEntry README-mgmt.md
128 silly gunzTarPerm modified mode [ 'README-mgmt.md', 436, 420 ]
129 silly gunzTarPerm extractEntry README-raspbian.md
130 silly gunzTarPerm modified mode [ 'README-raspbian.md', 436, 420 ]
131 silly gunzTarPerm extractEntry README-security.md
132 silly gunzTarPerm modified mode [ 'README-security.md', 436, 420 ]
133 silly gunzTarPerm extractEntry README-ubuntu.md
134 silly gunzTarPerm modified mode [ 'README-ubuntu.md', 436, 420 ]
135 silly gunzTarPerm extractEntry binding.gyp
136 silly gunzTarPerm modified mode [ 'binding.gyp', 436, 420 ]
137 silly gunzTarPerm extractEntry config/options.xml
138 silly gunzTarPerm extractEntry lib/install-ozw.js
139 silly gunzTarPerm modified mode [ 'lib/install-ozw.js', 436, 420 ]
140 silly gunzTarPerm extractEntry lib/openzwave-shared.js
141 silly gunzTarPerm modified mode [ 'lib/openzwave-shared.js', 436, 420 ]
142 silly gunzTarPerm extractEntry notes.txt
143 silly gunzTarPerm modified mode [ 'notes.txt', 436, 420 ]
144 silly gunzTarPerm extractEntry .cproject
145 silly gunzTarPerm modified mode [ '.cproject', 436, 420 ]
146 silly gunzTarPerm extractEntry src/openzwave-network.cc
147 silly gunzTarPerm modified mode [ 'src/openzwave-network.cc', 436, 420 ]
148 silly gunzTarPerm extractEntry src/.cproject
149 silly gunzTarPerm modified mode [ 'src/.cproject', 436, 420 ]
150 silly gunzTarPerm extractEntry src/callbacks.cc
151 silly gunzTarPerm modified mode [ 'src/callbacks.cc', 436, 420 ]
152 silly gunzTarPerm extractEntry src/callbacks.hpp
153 silly gunzTarPerm modified mode [ 'src/callbacks.hpp', 436, 420 ]
154 silly gunzTarPerm extractEntry src/openzwave-config.cc
155 silly gunzTarPerm modified mode [ 'src/openzwave-config.cc', 436, 420 ]
156 silly gunzTarPerm extractEntry src/openzwave-driver.cc
157 silly gunzTarPerm modified mode [ 'src/openzwave-driver.cc', 436, 420 ]
158 silly gunzTarPerm extractEntry src/openzwave-groups.cc
159 silly gunzTarPerm modified mode [ 'src/openzwave-groups.cc', 436, 420 ]
160 silly gunzTarPerm extractEntry src/openzwave-management.cc
161 silly gunzTarPerm modified mode [ 'src/openzwave-management.cc', 436, 420 ]
162 silly gunzTarPerm extractEntry src/.project
163 silly gunzTarPerm modified mode [ 'src/.project', 436, 420 ]
164 silly gunzTarPerm extractEntry src/openzwave-nodes.cc
165 silly gunzTarPerm modified mode [ 'src/openzwave-nodes.cc', 436, 420 ]
166 silly gunzTarPerm extractEntry src/openzwave-polling.cc
167 silly gunzTarPerm modified mode [ 'src/openzwave-polling.cc', 436, 420 ]
168 silly gunzTarPerm extractEntry src/openzwave-scenes.cc
169 silly gunzTarPerm modified mode [ 'src/openzwave-scenes.cc', 436, 420 ]
170 silly gunzTarPerm extractEntry src/openzwave-values.cc
171 silly gunzTarPerm modified mode [ 'src/openzwave-values.cc', 436, 420 ]
172 silly gunzTarPerm extractEntry src/openzwave.cc
173 silly gunzTarPerm modified mode [ 'src/openzwave.cc', 436, 420 ]
174 silly gunzTarPerm extractEntry src/openzwave.hpp
175 silly gunzTarPerm modified mode [ 'src/openzwave.hpp', 436, 420 ]
176 silly gunzTarPerm extractEntry src/utils.cc
177 silly gunzTarPerm modified mode [ 'src/utils.cc', 436, 420 ]
178 silly gunzTarPerm extractEntry src/utils.hpp
179 silly gunzTarPerm modified mode [ 'src/utils.hpp', 436, 420 ]
180 silly gunzTarPerm extractEntry .project
181 silly gunzTarPerm modified mode [ '.project', 436, 420 ]
182 silly gunzTarPerm extractEntry LICENSE.md
183 silly gunzTarPerm modified mode [ 'LICENSE.md', 436, 420 ]
184 silly gentlyRm /Users/tormorten/Code/heim-node/node_modules/.staging/openzwave-shared-95ac14f0/node_modules is being purged
185 verbose gentlyRm don't care about contents; nuking /Users/tormorten/Code/heim-node/node_modules/.staging/openzwave-shared-95ac14f0/node_modules
186 silly doParallel preinstall 1
187 silly preinstall openzwave-shared@1.2.0 /Users/tormorten/Code/heim-node/node_modules/.staging/openzwave-shared-95ac14f0
188 info lifecycle openzwave-shared@1.2.0~preinstall: openzwave-shared@1.2.0
189 verbose lifecycle openzwave-shared@1.2.0~preinstall: unsafe-perm in lifecycle true
190 verbose lifecycle openzwave-shared@1.2.0~preinstall: PATH: /usr/local/lib/node_modules/npm/bin/node-gyp-bin:/Users/tormorten/Code/heim-node/node_modules/.staging/openzwave-shared-95ac14f0/node_modules/.bin:/Users/tormorten/Code/heim-node/node_modules/.bin:/usr/local/bin:/usr/local/bin:/usr/bin:/bin:/usr/sbin:/sbin
191 verbose lifecycle openzwave-shared@1.2.0~preinstall: CWD: /Users/tormorten/Code/heim-node/node_modules/.staging/openzwave-shared-95ac14f0
192 silly lifecycle openzwave-shared@1.2.0~preinstall: Args: [ '-c', 'node lib/install-ozw.js' ]
193 silly lifecycle openzwave-shared@1.2.0~preinstall: Returned: code: 0  signal: null
194 silly doReverseSerial remove 0
195 silly doSerial move 0
196 silly doSerial finalize 1
197 silly finalize /Users/tormorten/Code/heim-node/node_modules/openzwave-shared
198 silly doSerial build 1
199 silly build openzwave-shared@1.2.0
200 info linkStuff openzwave-shared@1.2.0
201 silly linkStuff openzwave-shared@1.2.0 has /Users/tormorten/Code/heim-node/node_modules as its parent node_modules
202 verbose linkBins openzwave-shared@1.2.0
203 verbose linkMans openzwave-shared@1.2.0
204 silly doSerial global-link 0
205 silly doParallel update-linked 0
206 silly doSerial install 1
207 silly install openzwave-shared@1.2.0 /Users/tormorten/Code/heim-node/node_modules/.staging/openzwave-shared-95ac14f0
208 info lifecycle openzwave-shared@1.2.0~install: openzwave-shared@1.2.0
209 verbose lifecycle openzwave-shared@1.2.0~install: unsafe-perm in lifecycle true
210 verbose lifecycle openzwave-shared@1.2.0~install: PATH: /usr/local/lib/node_modules/npm/bin/node-gyp-bin:/Users/tormorten/Code/heim-node/node_modules/openzwave-shared/node_modules/.bin:/Users/tormorten/Code/heim-node/node_modules/.bin:/usr/local/bin:/usr/local/bin:/usr/bin:/bin:/usr/sbin:/sbin
211 verbose lifecycle openzwave-shared@1.2.0~install: CWD: /Users/tormorten/Code/heim-node/node_modules/openzwave-shared
212 silly lifecycle openzwave-shared@1.2.0~install: Args: [ '-c', 'node-gyp rebuild' ]
213 silly lifecycle openzwave-shared@1.2.0~install: Returned: code: 1  signal: null
214 info lifecycle openzwave-shared@1.2.0~install: Failed to exec install script
215 verbose unlock done using /Users/tormorten/.npm/_locks/staging-84ef8dd5ccfd206b.lock for /Users/tormorten/Code/heim-node/node_modules/.staging
216 silly rollbackFailedOptional Starting
217 silly rollbackFailedOptional Finishing
218 silly runTopLevelLifecycles Starting
219 silly runTopLevelLifecycles Finishing
220 silly install printInstalled
221 warn heim@0.0.1 No repository field.
222 warn heim@0.0.1 No license field.
223 verbose stack Error: openzwave-shared@1.2.0 install: `node-gyp rebuild`
223 verbose stack Exit status 1
223 verbose stack     at EventEmitter.<anonymous> (/usr/local/lib/node_modules/npm/lib/utils/lifecycle.js:239:16)
223 verbose stack     at emitTwo (events.js:87:13)
223 verbose stack     at EventEmitter.emit (events.js:172:7)
223 verbose stack     at ChildProcess.<anonymous> (/usr/local/lib/node_modules/npm/lib/utils/spawn.js:24:14)
223 verbose stack     at emitTwo (events.js:87:13)
223 verbose stack     at ChildProcess.emit (events.js:172:7)
223 verbose stack     at maybeClose (internal/child_process.js:821:16)
223 verbose stack     at Process.ChildProcess._handle.onexit (internal/child_process.js:211:5)
224 verbose pkgid openzwave-shared@1.2.0
225 verbose cwd /Users/tormorten/Code/heim-node
226 error Darwin 15.0.0
227 error argv "/usr/local/bin/node" "/usr/local/bin/npm" "install" "--save-dev" "openzwave-shared"
228 error node v5.4.1
229 error npm  v3.8.3
230 error code ELIFECYCLE
231 error openzwave-shared@1.2.0 install: `node-gyp rebuild`
231 error Exit status 1
232 error Failed at the openzwave-shared@1.2.0 install script 'node-gyp rebuild'.
232 error Make sure you have the latest version of node.js and npm installed.
232 error If you do, this is most likely a problem with the openzwave-shared package,
232 error not with npm itself.
232 error Tell the author that this fails on your system:
232 error     node-gyp rebuild
232 error You can get information on how to open an issue for this project with:
232 error     npm bugs openzwave-shared
232 error Or if that isn't available, you can get their info via:
232 error     npm owner ls openzwave-shared
232 error There is likely additional logging output above.
233 verbose exit [ 1, true ]
